{"/Users/beatys/src/itsasign/widgets/clock.js": {"path":"/Users/beatys/src/itsasign/widgets/clock.js","statementMap":{"0":{"start":{"line":3,"column":20},"end":{"line":3,"column":27}},"1":{"start":{"line":6,"column":15},"end":{"line":6,"column":33}},"2":{"start":{"line":7,"column":13},"end":{"line":7,"column":45}},"3":{"start":{"line":8,"column":2},"end":{"line":8,"column":35}},"4":{"start":{"line":10,"column":17},"end":{"line":10,"column":49}},"5":{"start":{"line":11,"column":2},"end":{"line":11,"column":22}},"6":{"start":{"line":12,"column":2},"end":{"line":12,"column":23}},"7":{"start":{"line":13,"column":2},"end":{"line":13,"column":66}},"8":{"start":{"line":14,"column":2},"end":{"line":14,"column":33}},"9":{"start":{"line":15,"column":2},"end":{"line":15,"column":33}},"10":{"start":{"line":17,"column":2},"end":{"line":17,"column":25}},"11":{"start":{"line":18,"column":2},"end":{"line":18,"column":21}},"12":{"start":{"line":19,"column":2},"end":{"line":19,"column":12}},"13":{"start":{"line":23,"column":14},"end":{"line":23,"column":37}},"14":{"start":{"line":24,"column":23},"end":{"line":24,"column":55}},"15":{"start":{"line":25,"column":2},"end":{"line":25,"column":36}},"16":{"start":{"line":26,"column":2},"end":{"line":26,"column":38}},"17":{"start":{"line":27,"column":20},"end":{"line":27,"column":49}},"18":{"start":{"line":29,"column":15},"end":{"line":29,"column":32}},"19":{"start":{"line":30,"column":2},"end":{"line":30,"column":32}},"20":{"start":{"line":31,"column":2},"end":{"line":31,"column":38}},"21":{"start":{"line":32,"column":2},"end":{"line":32,"column":25}},"22":{"start":{"line":34,"column":2},"end":{"line":34,"column":20}},"23":{"start":{"line":35,"column":2},"end":{"line":35,"column":14}},"24":{"start":{"line":36,"column":2},"end":{"line":36,"column":31}},"25":{"start":{"line":39,"column":4},"end":{"line":39,"column":32}},"26":{"start":{"line":40,"column":4},"end":{"line":40,"column":33}},"27":{"start":{"line":41,"column":4},"end":{"line":41,"column":35}},"28":{"start":{"line":45,"column":4},"end":{"line":45,"column":86}},"29":{"start":{"line":46,"column":4},"end":{"line":46,"column":71}},"30":{"start":{"line":47,"column":4},"end":{"line":47,"column":26}},"31":{"start":{"line":51,"column":17},"end":{"line":51,"column":83}},"32":{"start":{"line":52,"column":4},"end":{"line":52,"column":33}},"33":{"start":{"line":53,"column":4},"end":{"line":53,"column":36}},"34":{"start":{"line":54,"column":4},"end":{"line":54,"column":33}},"35":{"start":{"line":56,"column":4},"end":{"line":56,"column":20}},"36":{"start":{"line":57,"column":4},"end":{"line":57,"column":42}},"37":{"start":{"line":58,"column":4},"end":{"line":58,"column":28}},"38":{"start":{"line":59,"column":4},"end":{"line":59,"column":15}},"39":{"start":{"line":61,"column":4},"end":{"line":61,"column":27}},"40":{"start":{"line":62,"column":4},"end":{"line":62,"column":33}},"41":{"start":{"line":63,"column":4},"end":{"line":63,"column":17}},"42":{"start":{"line":65,"column":4},"end":{"line":65,"column":20}},"43":{"start":{"line":66,"column":4},"end":{"line":66,"column":48}},"44":{"start":{"line":67,"column":4},"end":{"line":67,"column":27}},"45":{"start":{"line":68,"column":4},"end":{"line":68,"column":15}},"46":{"start":{"line":72,"column":4},"end":{"line":72,"column":42}},"47":{"start":{"line":73,"column":4},"end":{"line":73,"column":32}},"48":{"start":{"line":74,"column":4},"end":{"line":74,"column":29}},"49":{"start":{"line":75,"column":4},"end":{"line":84,"column":5}},"50":{"start":{"line":75,"column":19},"end":{"line":75,"column":20}},"51":{"start":{"line":76,"column":16},"end":{"line":76,"column":33}},"52":{"start":{"line":77,"column":6},"end":{"line":77,"column":22}},"53":{"start":{"line":78,"column":6},"end":{"line":78,"column":39}},"54":{"start":{"line":79,"column":6},"end":{"line":79,"column":23}},"55":{"start":{"line":80,"column":6},"end":{"line":80,"column":41}},"56":{"start":{"line":81,"column":6},"end":{"line":81,"column":22}},"57":{"start":{"line":82,"column":6},"end":{"line":82,"column":38}},"58":{"start":{"line":83,"column":6},"end":{"line":83,"column":23}},"59":{"start":{"line":88,"column":4},"end":{"line":102,"column":5}},"60":{"start":{"line":88,"column":20},"end":{"line":88,"column":21}},"61":{"start":{"line":89,"column":18},"end":{"line":89,"column":37}},"62":{"start":{"line":90,"column":20},"end":{"line":90,"column":33}},"63":{"start":{"line":91,"column":20},"end":{"line":91,"column":33}},"64":{"start":{"line":93,"column":6},"end":{"line":93,"column":17}},"65":{"start":{"line":94,"column":6},"end":{"line":94,"column":22}},"66":{"start":{"line":95,"column":6},"end":{"line":95,"column":22}},"67":{"start":{"line":96,"column":6},"end":{"line":96,"column":69}},"68":{"start":{"line":97,"column":6},"end":{"line":97,"column":60}},"69":{"start":{"line":98,"column":6},"end":{"line":98,"column":28}},"70":{"start":{"line":99,"column":6},"end":{"line":99,"column":28}},"71":{"start":{"line":100,"column":6},"end":{"line":100,"column":19}},"72":{"start":{"line":101,"column":6},"end":{"line":101,"column":20}},"73":{"start":{"line":106,"column":16},"end":{"line":106,"column":26}},"74":{"start":{"line":107,"column":15},"end":{"line":107,"column":29}},"75":{"start":{"line":108,"column":17},"end":{"line":108,"column":33}},"76":{"start":{"line":109,"column":17},"end":{"line":109,"column":33}},"77":{"start":{"line":112,"column":23},"end":{"line":112,"column":36}},"78":{"start":{"line":113,"column":25},"end":{"line":113,"column":38}},"79":{"start":{"line":114,"column":25},"end":{"line":114,"column":38}},"80":{"start":{"line":116,"column":4},"end":{"line":116,"column":21}},"81":{"start":{"line":117,"column":4},"end":{"line":117,"column":98}},"82":{"start":{"line":118,"column":4},"end":{"line":118,"column":59}},"83":{"start":{"line":120,"column":4},"end":{"line":120,"column":70}},"84":{"start":{"line":121,"column":4},"end":{"line":121,"column":63}},"85":{"start":{"line":123,"column":4},"end":{"line":123,"column":37}},"86":{"start":{"line":124,"column":4},"end":{"line":124,"column":66}},"87":{"start":{"line":128,"column":4},"end":{"line":128,"column":15}},"88":{"start":{"line":129,"column":4},"end":{"line":129,"column":20}},"89":{"start":{"line":130,"column":4},"end":{"line":130,"column":26}},"90":{"start":{"line":131,"column":4},"end":{"line":131,"column":26}},"91":{"start":{"line":132,"column":4},"end":{"line":132,"column":28}},"92":{"start":{"line":133,"column":4},"end":{"line":133,"column":43}},"93":{"start":{"line":134,"column":4},"end":{"line":134,"column":35}},"94":{"start":{"line":135,"column":4},"end":{"line":135,"column":38}},"95":{"start":{"line":136,"column":4},"end":{"line":136,"column":38}},"96":{"start":{"line":137,"column":4},"end":{"line":137,"column":21}},"97":{"start":{"line":138,"column":4},"end":{"line":138,"column":20}},"98":{"start":{"line":139,"column":4},"end":{"line":139,"column":27}},"99":{"start":{"line":140,"column":4},"end":{"line":140,"column":17}},"100":{"start":{"line":141,"column":4},"end":{"line":141,"column":18}}},"fnMap":{"0":{"name":"create","decl":{"start":{"line":5,"column":16},"end":{"line":5,"column":22}},"loc":{"start":{"line":5,"column":31},"end":{"line":20,"column":1}},"line":5},"1":{"name":"startClock","decl":{"start":{"line":22,"column":9},"end":{"line":22,"column":19}},"loc":{"start":{"line":22,"column":28},"end":{"line":143,"column":1}},"line":22},"2":{"name":"drawStaticClock","decl":{"start":{"line":38,"column":11},"end":{"line":38,"column":26}},"loc":{"start":{"line":38,"column":29},"end":{"line":42,"column":3}},"line":38},"3":{"name":"drawClock","decl":{"start":{"line":44,"column":11},"end":{"line":44,"column":20}},"loc":{"start":{"line":44,"column":23},"end":{"line":48,"column":3}},"line":44},"4":{"name":"drawFace","decl":{"start":{"line":50,"column":11},"end":{"line":50,"column":19}},"loc":{"start":{"line":50,"column":33},"end":{"line":69,"column":3}},"line":50},"5":{"name":"drawNumbers","decl":{"start":{"line":71,"column":11},"end":{"line":71,"column":22}},"loc":{"start":{"line":71,"column":36},"end":{"line":85,"column":3}},"line":71},"6":{"name":"drawTicks","decl":{"start":{"line":87,"column":11},"end":{"line":87,"column":20}},"loc":{"start":{"line":87,"column":34},"end":{"line":103,"column":3}},"line":87},"7":{"name":"drawTime","decl":{"start":{"line":105,"column":11},"end":{"line":105,"column":19}},"loc":{"start":{"line":105,"column":33},"end":{"line":125,"column":3}},"line":105},"8":{"name":"drawHand","decl":{"start":{"line":127,"column":11},"end":{"line":127,"column":19}},"loc":{"start":{"line":127,"column":52},"end":{"line":142,"column":3}},"line":127}},"branchMap":{"0":{"loc":{"start":{"line":6,"column":15},"end":{"line":6,"column":33}},"type":"binary-expr","locations":[{"start":{"line":6,"column":15},"end":{"line":6,"column":26}},{"start":{"line":6,"column":30},"end":{"line":6,"column":33}}],"line":6},"1":{"loc":{"start":{"line":7,"column":24},"end":{"line":7,"column":44}},"type":"binary-expr","locations":[{"start":{"line":7,"column":24},"end":{"line":7,"column":36}},{"start":{"line":7,"column":40},"end":{"line":7,"column":44}}],"line":7},"2":{"loc":{"start":{"line":13,"column":33},"end":{"line":13,"column":65}},"type":"binary-expr","locations":[{"start":{"line":13,"column":33},"end":{"line":13,"column":55}},{"start":{"line":13,"column":59},"end":{"line":13,"column":65}}],"line":13},"3":{"loc":{"start":{"line":96,"column":22},"end":{"line":96,"column":68}},"type":"cond-expr","locations":[{"start":{"line":96,"column":39},"end":{"line":96,"column":52}},{"start":{"line":96,"column":55},"end":{"line":96,"column":68}}],"line":96},"4":{"loc":{"start":{"line":97,"column":24},"end":{"line":97,"column":59}},"type":"cond-expr","locations":[{"start":{"line":97,"column":41},"end":{"line":97,"column":50}},{"start":{"line":97,"column":53},"end":{"line":97,"column":59}}],"line":97}},"s":{"0":0,"1":0,"2":0,"3":0,"4":0,"5":0,"6":0,"7":0,"8":0,"9":0,"10":0,"11":0,"12":0,"13":0,"14":0,"15":0,"16":0,"17":0,"18":0,"19":0,"20":0,"21":0,"22":0,"23":0,"24":0,"25":0,"26":0,"27":0,"28":0,"29":0,"30":0,"31":0,"32":0,"33":0,"34":0,"35":0,"36":0,"37":0,"38":0,"39":0,"40":0,"41":0,"42":0,"43":0,"44":0,"45":0,"46":0,"47":0,"48":0,"49":0,"50":0,"51":0,"52":0,"53":0,"54":0,"55":0,"56":0,"57":0,"58":0,"59":0,"60":0,"61":0,"62":0,"63":0,"64":0,"65":0,"66":0,"67":0,"68":0,"69":0,"70":0,"71":0,"72":0,"73":0,"74":0,"75":0,"76":0,"77":0,"78":0,"79":0,"80":0,"81":0,"82":0,"83":0,"84":0,"85":0,"86":0,"87":0,"88":0,"89":0,"90":0,"91":0,"92":0,"93":0,"94":0,"95":0,"96":0,"97":0,"98":0,"99":0,"100":0},"f":{"0":0,"1":0,"2":0,"3":0,"4":0,"5":0,"6":0,"7":0,"8":0},"b":{"0":[0,0],"1":[0,0],"2":[0,0],"3":[0,0],"4":[0,0]}}
,"/Users/beatys/src/itsasign/widgets/daydate.js": {"path":"/Users/beatys/src/itsasign/widgets/daydate.js","statementMap":{"0":{"start":{"line":3,"column":20},"end":{"line":3,"column":29}},"1":{"start":{"line":6,"column":13},"end":{"line":6,"column":45}},"2":{"start":{"line":7,"column":2},"end":{"line":7,"column":37}},"3":{"start":{"line":9,"column":20},"end":{"line":9,"column":49}},"4":{"start":{"line":10,"column":2},"end":{"line":10,"column":42}},"5":{"start":{"line":12,"column":17},"end":{"line":12,"column":46}},"6":{"start":{"line":13,"column":2},"end":{"line":13,"column":36}},"7":{"start":{"line":15,"column":2},"end":{"line":15,"column":31}},"8":{"start":{"line":17,"column":19},"end":{"line":17,"column":86}},"9":{"start":{"line":18,"column":17},"end":{"line":18,"column":41}},"10":{"start":{"line":21,"column":16},"end":{"line":21,"column":26}},"11":{"start":{"line":23,"column":4},"end":{"line":26,"column":19}},"12":{"start":{"line":28,"column":4},"end":{"line":32,"column":19}},"13":{"start":{"line":35,"column":2},"end":{"line":35,"column":11}},"14":{"start":{"line":36,"column":2},"end":{"line":36,"column":29}},"15":{"start":{"line":38,"column":2},"end":{"line":38,"column":12}}},"fnMap":{"0":{"name":"create","decl":{"start":{"line":5,"column":16},"end":{"line":5,"column":22}},"loc":{"start":{"line":5,"column":31},"end":{"line":39,"column":1}},"line":5},"1":{"name":"update","decl":{"start":{"line":20,"column":11},"end":{"line":20,"column":17}},"loc":{"start":{"line":20,"column":20},"end":{"line":33,"column":3}},"line":20}},"branchMap":{"0":{"loc":{"start":{"line":6,"column":24},"end":{"line":6,"column":44}},"type":"binary-expr","locations":[{"start":{"line":6,"column":24},"end":{"line":6,"column":36}},{"start":{"line":6,"column":40},"end":{"line":6,"column":44}}],"line":6},"1":{"loc":{"start":{"line":17,"column":19},"end":{"line":17,"column":86}},"type":"binary-expr","locations":[{"start":{"line":17,"column":19},"end":{"line":17,"column":34}},{"start":{"line":17,"column":38},"end":{"line":17,"column":86}}],"line":17},"2":{"loc":{"start":{"line":18,"column":17},"end":{"line":18,"column":41}},"type":"binary-expr","locations":[{"start":{"line":18,"column":17},"end":{"line":18,"column":30}},{"start":{"line":18,"column":34},"end":{"line":18,"column":41}}],"line":18}},"s":{"0":0,"1":0,"2":0,"3":0,"4":0,"5":0,"6":0,"7":0,"8":0,"9":0,"10":0,"11":0,"12":0,"13":0,"14":0,"15":0},"f":{"0":0,"1":0},"b":{"0":[0,0],"1":[0,0],"2":[0,0]}}
,"/Users/beatys/src/itsasign/widgets/moon.js": {"path":"/Users/beatys/src/itsasign/widgets/moon.js","statementMap":{"0":{"start":{"line":3,"column":20},"end":{"line":3,"column":26}},"1":{"start":{"line":5,"column":22},"end":{"line":5,"column":106}},"2":{"start":{"line":6,"column":27},"end":{"line":6,"column":38}},"3":{"start":{"line":7,"column":30},"end":{"line":7,"column":39}},"4":{"start":{"line":10,"column":13},"end":{"line":10,"column":47}},"5":{"start":{"line":12,"column":16},"end":{"line":12,"column":45}},"6":{"start":{"line":13,"column":2},"end":{"line":13,"column":33}},"7":{"start":{"line":14,"column":2},"end":{"line":14,"column":40}},"8":{"start":{"line":16,"column":15},"end":{"line":16,"column":44}},"9":{"start":{"line":17,"column":2},"end":{"line":17,"column":31}},"10":{"start":{"line":18,"column":2},"end":{"line":18,"column":34}},"11":{"start":{"line":20,"column":14},"end":{"line":20,"column":43}},"12":{"start":{"line":21,"column":2},"end":{"line":21,"column":29}},"13":{"start":{"line":22,"column":2},"end":{"line":22,"column":23}},"14":{"start":{"line":24,"column":16},"end":{"line":24,"column":45}},"15":{"start":{"line":25,"column":2},"end":{"line":25,"column":33}},"16":{"start":{"line":26,"column":2},"end":{"line":26,"column":31}},"17":{"start":{"line":28,"column":2},"end":{"line":28,"column":37}},"18":{"start":{"line":31,"column":16},"end":{"line":31,"column":26}},"19":{"start":{"line":32,"column":21},"end":{"line":32,"column":46}},"20":{"start":{"line":33,"column":21},"end":{"line":33,"column":54}},"21":{"start":{"line":34,"column":21},"end":{"line":34,"column":54}},"22":{"start":{"line":36,"column":4},"end":{"line":36,"column":25}},"23":{"start":{"line":37,"column":4},"end":{"line":45,"column":6}},"24":{"start":{"line":38,"column":6},"end":{"line":38,"column":54}},"25":{"start":{"line":39,"column":6},"end":{"line":39,"column":36}},"26":{"start":{"line":40,"column":6},"end":{"line":44,"column":9}},"27":{"start":{"line":47,"column":20},"end":{"line":47,"column":35}},"28":{"start":{"line":48,"column":20},"end":{"line":48,"column":41}},"29":{"start":{"line":50,"column":4},"end":{"line":50,"column":31}},"30":{"start":{"line":51,"column":4},"end":{"line":51,"column":56}},"31":{"start":{"line":52,"column":4},"end":{"line":52,"column":33}},"32":{"start":{"line":55,"column":2},"end":{"line":55,"column":11}},"33":{"start":{"line":56,"column":2},"end":{"line":56,"column":59}},"34":{"start":{"line":58,"column":2},"end":{"line":58,"column":12}},"35":{"start":{"line":63,"column":22},"end":{"line":63,"column":56}},"36":{"start":{"line":64,"column":20},"end":{"line":64,"column":80}},"37":{"start":{"line":67,"column":15},"end":{"line":67,"column":30}},"38":{"start":{"line":71,"column":2},"end":{"line":71,"column":41}},"39":{"start":{"line":75,"column":20},"end":{"line":75,"column":59}},"40":{"start":{"line":76,"column":20},"end":{"line":76,"column":89}},"41":{"start":{"line":77,"column":2},"end":{"line":77,"column":19}},"42":{"start":{"line":81,"column":16},"end":{"line":81,"column":60}},"43":{"start":{"line":82,"column":14},"end":{"line":82,"column":53}},"44":{"start":{"line":83,"column":15},"end":{"line":83,"column":55}},"45":{"start":{"line":84,"column":17},"end":{"line":84,"column":59}},"46":{"start":{"line":85,"column":2},"end":{"line":85,"column":67}},"47":{"start":{"line":89,"column":20},"end":{"line":89,"column":31}},"48":{"start":{"line":90,"column":2},"end":{"line":90,"column":53}}},"fnMap":{"0":{"name":"create","decl":{"start":{"line":9,"column":16},"end":{"line":9,"column":22}},"loc":{"start":{"line":9,"column":31},"end":{"line":59,"column":1}},"line":9},"1":{"name":"render","decl":{"start":{"line":30,"column":11},"end":{"line":30,"column":17}},"loc":{"start":{"line":30,"column":20},"end":{"line":53,"column":3}},"line":30},"2":{"name":"(anonymous_2)","decl":{"start":{"line":37,"column":20},"end":{"line":37,"column":21}},"loc":{"start":{"line":37,"column":26},"end":{"line":45,"column":5}},"line":37},"3":{"name":"calculateFrameNumber","decl":{"start":{"line":61,"column":9},"end":{"line":61,"column":29}},"loc":{"start":{"line":61,"column":36},"end":{"line":72,"column":1}},"line":61},"4":{"name":"calculateMoonAge","decl":{"start":{"line":74,"column":9},"end":{"line":74,"column":25}},"loc":{"start":{"line":74,"column":32},"end":{"line":78,"column":1}},"line":74},"5":{"name":"formatDate","decl":{"start":{"line":80,"column":9},"end":{"line":80,"column":19}},"loc":{"start":{"line":80,"column":26},"end":{"line":86,"column":1}},"line":80},"6":{"name":"positiveModulo","decl":{"start":{"line":88,"column":9},"end":{"line":88,"column":23}},"loc":{"start":{"line":88,"column":36},"end":{"line":91,"column":1}},"line":88}},"branchMap":{"0":{"loc":{"start":{"line":10,"column":24},"end":{"line":10,"column":46}},"type":"binary-expr","locations":[{"start":{"line":10,"column":24},"end":{"line":10,"column":36}},{"start":{"line":10,"column":40},"end":{"line":10,"column":46}}],"line":10},"1":{"loc":{"start":{"line":56,"column":22},"end":{"line":56,"column":57}},"type":"binary-expr","locations":[{"start":{"line":56,"column":22},"end":{"line":56,"column":46}},{"start":{"line":56,"column":50},"end":{"line":56,"column":57}}],"line":56},"2":{"loc":{"start":{"line":90,"column":9},"end":{"line":90,"column":52}},"type":"cond-expr","locations":[{"start":{"line":90,"column":25},"end":{"line":90,"column":40}},{"start":{"line":90,"column":43},"end":{"line":90,"column":52}}],"line":90}},"s":{"0":0,"1":0,"2":0,"3":0,"4":0,"5":0,"6":0,"7":0,"8":0,"9":0,"10":0,"11":0,"12":0,"13":0,"14":0,"15":0,"16":0,"17":0,"18":0,"19":0,"20":0,"21":0,"22":0,"23":0,"24":0,"25":0,"26":0,"27":0,"28":0,"29":0,"30":0,"31":0,"32":0,"33":0,"34":0,"35":0,"36":0,"37":0,"38":0,"39":0,"40":0,"41":0,"42":0,"43":0,"44":0,"45":0,"46":0,"47":0,"48":0},"f":{"0":0,"1":0,"2":0,"3":0,"4":0,"5":0,"6":0},"b":{"0":[0,0],"1":[0,0],"2":[0,0]}}
,"/Users/beatys/src/itsasign/widgets/playlist.js": {"path":"/Users/beatys/src/itsasign/widgets/playlist.js","statementMap":{"0":{"start":{"line":5,"column":20},"end":{"line":5,"column":30}},"1":{"start":{"line":7,"column":21},"end":{"line":10,"column":1}},"2":{"start":{"line":13,"column":13},"end":{"line":13,"column":51}},"3":{"start":{"line":15,"column":15},"end":{"line":15,"column":44}},"4":{"start":{"line":16,"column":2},"end":{"line":16,"column":30}},"5":{"start":{"line":17,"column":2},"end":{"line":17,"column":67}},"6":{"start":{"line":19,"column":16},"end":{"line":19,"column":45}},"7":{"start":{"line":20,"column":2},"end":{"line":20,"column":37}},"8":{"start":{"line":22,"column":2},"end":{"line":22,"column":25}},"9":{"start":{"line":24,"column":16},"end":{"line":24,"column":63}},"10":{"start":{"line":25,"column":2},"end":{"line":33,"column":3}},"11":{"start":{"line":26,"column":4},"end":{"line":31,"column":7}},"12":{"start":{"line":32,"column":4},"end":{"line":32,"column":14}},"13":{"start":{"line":35,"column":18},"end":{"line":35,"column":19}},"14":{"start":{"line":38,"column":17},"end":{"line":38,"column":33}},"15":{"start":{"line":39,"column":17},"end":{"line":39,"column":53}},"16":{"start":{"line":40,"column":18},"end":{"line":40,"column":45}},"17":{"start":{"line":41,"column":4},"end":{"line":41,"column":89}},"18":{"start":{"line":43,"column":19},"end":{"line":43,"column":42}},"19":{"start":{"line":44,"column":4},"end":{"line":54,"column":5}},"20":{"start":{"line":45,"column":6},"end":{"line":50,"column":9}},"21":{"start":{"line":51,"column":6},"end":{"line":51,"column":49}},"22":{"start":{"line":52,"column":6},"end":{"line":52,"column":33}},"23":{"start":{"line":53,"column":6},"end":{"line":53,"column":13}},"24":{"start":{"line":56,"column":4},"end":{"line":66,"column":5}},"25":{"start":{"line":57,"column":6},"end":{"line":57,"column":49}},"26":{"start":{"line":59,"column":6},"end":{"line":65,"column":9}},"27":{"start":{"line":68,"column":4},"end":{"line":68,"column":47}},"28":{"start":{"line":69,"column":4},"end":{"line":69,"column":29}},"29":{"start":{"line":72,"column":2},"end":{"line":72,"column":13}},"30":{"start":{"line":73,"column":2},"end":{"line":73,"column":12}},"31":{"start":{"line":77,"column":17},"end":{"line":80,"column":3}},"32":{"start":{"line":81,"column":2},"end":{"line":81,"column":30}}},"fnMap":{"0":{"name":"create","decl":{"start":{"line":12,"column":16},"end":{"line":12,"column":22}},"loc":{"start":{"line":12,"column":39},"end":{"line":74,"column":1}},"line":12},"1":{"name":"playNext","decl":{"start":{"line":37,"column":17},"end":{"line":37,"column":25}},"loc":{"start":{"line":37,"column":28},"end":{"line":70,"column":3}},"line":37},"2":{"name":"getItemTypeLabel","decl":{"start":{"line":76,"column":9},"end":{"line":76,"column":25}},"loc":{"start":{"line":76,"column":32},"end":{"line":82,"column":1}},"line":76}},"branchMap":{"0":{"loc":{"start":{"line":13,"column":24},"end":{"line":13,"column":50}},"type":"binary-expr","locations":[{"start":{"line":13,"column":24},"end":{"line":13,"column":36}},{"start":{"line":13,"column":40},"end":{"line":13,"column":50}}],"line":13},"1":{"loc":{"start":{"line":24,"column":16},"end":{"line":24,"column":63}},"type":"cond-expr","locations":[{"start":{"line":24,"column":46},"end":{"line":24,"column":58}},{"start":{"line":24,"column":61},"end":{"line":24,"column":63}}],"line":24},"2":{"loc":{"start":{"line":25,"column":2},"end":{"line":33,"column":3}},"type":"if","locations":[{"start":{"line":25,"column":2},"end":{"line":33,"column":3}},{"start":{},"end":{}}],"line":25},"3":{"loc":{"start":{"line":44,"column":4},"end":{"line":54,"column":5}},"type":"if","locations":[{"start":{"line":44,"column":4},"end":{"line":54,"column":5}},{"start":{},"end":{}}],"line":44},"4":{"loc":{"start":{"line":44,"column":8},"end":{"line":44,"column":35}},"type":"binary-expr","locations":[{"start":{"line":44,"column":8},"end":{"line":44,"column":15}},{"start":{"line":44,"column":19},"end":{"line":44,"column":35}}],"line":44},"5":{"loc":{"start":{"line":47,"column":48},"end":{"line":47,"column":63}},"type":"binary-expr","locations":[{"start":{"line":47,"column":48},"end":{"line":47,"column":57}},{"start":{"line":47,"column":61},"end":{"line":47,"column":63}}],"line":47},"6":{"loc":{"start":{"line":81,"column":9},"end":{"line":81,"column":29}},"type":"binary-expr","locations":[{"start":{"line":81,"column":9},"end":{"line":81,"column":21}},{"start":{"line":81,"column":25},"end":{"line":81,"column":29}}],"line":81}},"s":{"0":0,"1":0,"2":0,"3":0,"4":0,"5":0,"6":0,"7":0,"8":0,"9":0,"10":0,"11":0,"12":0,"13":0,"14":0,"15":0,"16":0,"17":0,"18":0,"19":0,"20":0,"21":0,"22":0,"23":0,"24":0,"25":0,"26":0,"27":0,"28":0,"29":0,"30":0,"31":0,"32":0},"f":{"0":0,"1":0,"2":0},"b":{"0":[0,0],"1":[0,0],"2":[0,0],"3":[0,0],"4":[0,0],"5":[0,0],"6":[0,0]}}
,"/Users/beatys/src/itsasign/widgets/qotd.js": {"path":"/Users/beatys/src/itsasign/widgets/qotd.js","statementMap":{"0":{"start":{"line":3,"column":20},"end":{"line":3,"column":26}},"1":{"start":{"line":6,"column":13},"end":{"line":6,"column":59}},"2":{"start":{"line":8,"column":18},"end":{"line":8,"column":47}},"3":{"start":{"line":9,"column":2},"end":{"line":9,"column":35}},"4":{"start":{"line":11,"column":24},"end":{"line":11,"column":53}},"5":{"start":{"line":12,"column":2},"end":{"line":12,"column":47}},"6":{"start":{"line":14,"column":2},"end":{"line":14,"column":36}},"7":{"start":{"line":16,"column":14},"end":{"line":16,"column":38}},"8":{"start":{"line":19,"column":4},"end":{"line":38,"column":5}},"9":{"start":{"line":20,"column":23},"end":{"line":20,"column":60}},"10":{"start":{"line":21,"column":6},"end":{"line":21,"column":65}},"11":{"start":{"line":21,"column":24},"end":{"line":21,"column":65}},"12":{"start":{"line":23,"column":19},"end":{"line":23,"column":49}},"13":{"start":{"line":24,"column":20},"end":{"line":24,"column":71}},"14":{"start":{"line":24,"column":46},"end":{"line":24,"column":54}},"15":{"start":{"line":26,"column":24},"end":{"line":26,"column":94}},"16":{"start":{"line":26,"column":49},"end":{"line":26,"column":93}},"17":{"start":{"line":28,"column":6},"end":{"line":34,"column":7}},"18":{"start":{"line":29,"column":8},"end":{"line":29,"column":66}},"19":{"start":{"line":30,"column":8},"end":{"line":30,"column":82}},"20":{"start":{"line":32,"column":8},"end":{"line":32,"column":46}},"21":{"start":{"line":33,"column":8},"end":{"line":33,"column":39}},"22":{"start":{"line":36,"column":6},"end":{"line":36,"column":100}},"23":{"start":{"line":37,"column":6},"end":{"line":37,"column":37}},"24":{"start":{"line":41,"column":2},"end":{"line":41,"column":9}},"25":{"start":{"line":43,"column":2},"end":{"line":43,"column":12}}},"fnMap":{"0":{"name":"create","decl":{"start":{"line":5,"column":16},"end":{"line":5,"column":22}},"loc":{"start":{"line":5,"column":31},"end":{"line":44,"column":1}},"line":5},"1":{"name":"load","decl":{"start":{"line":18,"column":17},"end":{"line":18,"column":21}},"loc":{"start":{"line":18,"column":24},"end":{"line":39,"column":3}},"line":18},"2":{"name":"(anonymous_2)","decl":{"start":{"line":24,"column":41},"end":{"line":24,"column":42}},"loc":{"start":{"line":24,"column":46},"end":{"line":24,"column":54}},"line":24},"3":{"name":"(anonymous_3)","decl":{"start":{"line":26,"column":44},"end":{"line":26,"column":45}},"loc":{"start":{"line":26,"column":49},"end":{"line":26,"column":93}},"line":26}},"branchMap":{"0":{"loc":{"start":{"line":6,"column":24},"end":{"line":6,"column":58}},"type":"binary-expr","locations":[{"start":{"line":6,"column":24},"end":{"line":6,"column":36}},{"start":{"line":6,"column":40},"end":{"line":6,"column":58}}],"line":6},"1":{"loc":{"start":{"line":16,"column":14},"end":{"line":16,"column":38}},"type":"binary-expr","locations":[{"start":{"line":16,"column":14},"end":{"line":16,"column":24}},{"start":{"line":16,"column":28},"end":{"line":16,"column":38}}],"line":16},"2":{"loc":{"start":{"line":21,"column":6},"end":{"line":21,"column":65}},"type":"if","locations":[{"start":{"line":21,"column":6},"end":{"line":21,"column":65}},{"start":{},"end":{}}],"line":21},"3":{"loc":{"start":{"line":26,"column":49},"end":{"line":26,"column":93}},"type":"binary-expr","locations":[{"start":{"line":26,"column":49},"end":{"line":26,"column":71}},{"start":{"line":26,"column":75},"end":{"line":26,"column":93}}],"line":26},"4":{"loc":{"start":{"line":28,"column":6},"end":{"line":34,"column":7}},"type":"if","locations":[{"start":{"line":28,"column":6},"end":{"line":34,"column":7}},{"start":{"line":31,"column":13},"end":{"line":34,"column":7}}],"line":28}},"s":{"0":0,"1":0,"2":0,"3":0,"4":0,"5":0,"6":0,"7":0,"8":0,"9":0,"10":0,"11":0,"12":0,"13":0,"14":0,"15":0,"16":0,"17":0,"18":0,"19":0,"20":0,"21":0,"22":0,"23":0,"24":0,"25":0},"f":{"0":0,"1":0,"2":0,"3":0},"b":{"0":[0,0],"1":[0,0],"2":[0,0],"3":[0,0],"4":[0,0]}}
,"/Users/beatys/src/itsasign/widgets/time.js": {"path":"/Users/beatys/src/itsasign/widgets/time.js","statementMap":{"0":{"start":{"line":3,"column":20},"end":{"line":3,"column":26}},"1":{"start":{"line":6,"column":13},"end":{"line":6,"column":47}},"2":{"start":{"line":7,"column":17},"end":{"line":7,"column":46}},"3":{"start":{"line":8,"column":2},"end":{"line":8,"column":34}},"4":{"start":{"line":9,"column":17},"end":{"line":9,"column":46}},"5":{"start":{"line":10,"column":2},"end":{"line":10,"column":33}},"6":{"start":{"line":11,"column":2},"end":{"line":11,"column":28}},"7":{"start":{"line":13,"column":19},"end":{"line":13,"column":86}},"8":{"start":{"line":14,"column":17},"end":{"line":14,"column":41}},"9":{"start":{"line":17,"column":16},"end":{"line":17,"column":26}},"10":{"start":{"line":18,"column":4},"end":{"line":23,"column":19}},"11":{"start":{"line":25,"column":4},"end":{"line":31,"column":19}},"12":{"start":{"line":34,"column":2},"end":{"line":34,"column":11}},"13":{"start":{"line":35,"column":2},"end":{"line":35,"column":28}},"14":{"start":{"line":36,"column":2},"end":{"line":36,"column":12}}},"fnMap":{"0":{"name":"create","decl":{"start":{"line":5,"column":16},"end":{"line":5,"column":22}},"loc":{"start":{"line":5,"column":31},"end":{"line":37,"column":1}},"line":5},"1":{"name":"update","decl":{"start":{"line":16,"column":11},"end":{"line":16,"column":17}},"loc":{"start":{"line":16,"column":20},"end":{"line":32,"column":3}},"line":16}},"branchMap":{"0":{"loc":{"start":{"line":6,"column":24},"end":{"line":6,"column":46}},"type":"binary-expr","locations":[{"start":{"line":6,"column":24},"end":{"line":6,"column":36}},{"start":{"line":6,"column":40},"end":{"line":6,"column":46}}],"line":6},"1":{"loc":{"start":{"line":13,"column":19},"end":{"line":13,"column":86}},"type":"binary-expr","locations":[{"start":{"line":13,"column":19},"end":{"line":13,"column":34}},{"start":{"line":13,"column":38},"end":{"line":13,"column":86}}],"line":13},"2":{"loc":{"start":{"line":14,"column":17},"end":{"line":14,"column":41}},"type":"binary-expr","locations":[{"start":{"line":14,"column":17},"end":{"line":14,"column":30}},{"start":{"line":14,"column":34},"end":{"line":14,"column":41}}],"line":14}},"s":{"0":0,"1":0,"2":0,"3":0,"4":0,"5":0,"6":0,"7":0,"8":0,"9":0,"10":0,"11":0,"12":0,"13":0,"14":0},"f":{"0":0,"1":0},"b":{"0":[0,0],"1":[0,0],"2":[0,0]}}
,"/Users/beatys/src/itsasign/widgets/utils.js": {"path":"/Users/beatys/src/itsasign/widgets/utils.js","statementMap":{"0":{"start":{"line":2,"column":15},"end":{"line":2,"column":44}},"1":{"start":{"line":3,"column":2},"end":{"line":3,"column":33}},"2":{"start":{"line":5,"column":2},"end":{"line":10,"column":3}},"3":{"start":{"line":6,"column":14},"end":{"line":6,"column":43}},"4":{"start":{"line":7,"column":4},"end":{"line":7,"column":33}},"5":{"start":{"line":8,"column":4},"end":{"line":8,"column":26}},"6":{"start":{"line":9,"column":4},"end":{"line":9,"column":24}},"7":{"start":{"line":12,"column":2},"end":{"line":12,"column":14}},"8":{"start":{"line":16,"column":2},"end":{"line":16,"column":57}},"9":{"start":{"line":16,"column":32},"end":{"line":16,"column":55}},"10":{"start":{"line":20,"column":14},"end":{"line":20,"column":43}},"11":{"start":{"line":21,"column":2},"end":{"line":21,"column":31}},"12":{"start":{"line":22,"column":2},"end":{"line":22,"column":23}},"13":{"start":{"line":26,"column":17},"end":{"line":26,"column":60}},"14":{"start":{"line":27,"column":2},"end":{"line":31,"column":3}},"15":{"start":{"line":28,"column":4},"end":{"line":28,"column":49}},"16":{"start":{"line":30,"column":4},"end":{"line":30,"column":42}},"17":{"start":{"line":33,"column":2},"end":{"line":33,"column":22}},"18":{"start":{"line":33,"column":15},"end":{"line":33,"column":22}},"19":{"start":{"line":35,"column":2},"end":{"line":38,"column":3}},"20":{"start":{"line":36,"column":4},"end":{"line":36,"column":73}},"21":{"start":{"line":37,"column":4},"end":{"line":37,"column":11}},"22":{"start":{"line":40,"column":2},"end":{"line":40,"column":31}}},"fnMap":{"0":{"name":"createCard","decl":{"start":{"line":1,"column":16},"end":{"line":1,"column":26}},"loc":{"start":{"line":1,"column":34},"end":{"line":13,"column":1}},"line":1},"1":{"name":"wait","decl":{"start":{"line":15,"column":16},"end":{"line":15,"column":20}},"loc":{"start":{"line":15,"column":25},"end":{"line":17,"column":1}},"line":15},"2":{"name":"(anonymous_2)","decl":{"start":{"line":16,"column":21},"end":{"line":16,"column":22}},"loc":{"start":{"line":16,"column":32},"end":{"line":16,"column":55}},"line":16},"3":{"name":"escapeHtml","decl":{"start":{"line":19,"column":16},"end":{"line":19,"column":26}},"loc":{"start":{"line":19,"column":33},"end":{"line":23,"column":1}},"line":19},"4":{"name":"reportWidgetError","decl":{"start":{"line":25,"column":16},"end":{"line":25,"column":33}},"loc":{"start":{"line":25,"column":104},"end":{"line":41,"column":1}},"line":25}},"branchMap":{"0":{"loc":{"start":{"line":5,"column":2},"end":{"line":10,"column":3}},"type":"if","locations":[{"start":{"line":5,"column":2},"end":{"line":10,"column":3}},{"start":{},"end":{}}],"line":5},"1":{"loc":{"start":{"line":21,"column":20},"end":{"line":21,"column":30}},"type":"binary-expr","locations":[{"start":{"line":21,"column":20},"end":{"line":21,"column":24}},{"start":{"line":21,"column":28},"end":{"line":21,"column":30}}],"line":21},"2":{"loc":{"start":{"line":25,"column":57},"end":{"line":25,"column":69}},"type":"default-arg","locations":[{"start":{"line":25,"column":65},"end":{"line":25,"column":69}}],"line":25},"3":{"loc":{"start":{"line":25,"column":71},"end":{"line":25,"column":84}},"type":"default-arg","locations":[{"start":{"line":25,"column":80},"end":{"line":25,"column":84}}],"line":25},"4":{"loc":{"start":{"line":25,"column":86},"end":{"line":25,"column":100}},"type":"default-arg","locations":[{"start":{"line":25,"column":95},"end":{"line":25,"column":100}}],"line":25},"5":{"loc":{"start":{"line":26,"column":17},"end":{"line":26,"column":60}},"type":"cond-expr","locations":[{"start":{"line":26,"column":30},"end":{"line":26,"column":47}},{"start":{"line":26,"column":50},"end":{"line":26,"column":60}}],"line":26},"6":{"loc":{"start":{"line":27,"column":2},"end":{"line":31,"column":3}},"type":"if","locations":[{"start":{"line":27,"column":2},"end":{"line":31,"column":3}},{"start":{"line":29,"column":9},"end":{"line":31,"column":3}}],"line":27},"7":{"loc":{"start":{"line":33,"column":2},"end":{"line":33,"column":22}},"type":"if","locations":[{"start":{"line":33,"column":2},"end":{"line":33,"column":22}},{"start":{},"end":{}}],"line":33},"8":{"loc":{"start":{"line":35,"column":2},"end":{"line":38,"column":3}},"type":"if","locations":[{"start":{"line":35,"column":2},"end":{"line":38,"column":3}},{"start":{},"end":{}}],"line":35}},"s":{"0":0,"1":0,"2":0,"3":0,"4":0,"5":0,"6":0,"7":0,"8":0,"9":0,"10":0,"11":0,"12":0,"13":0,"14":0,"15":0,"16":0,"17":0,"18":0,"19":0,"20":0,"21":0,"22":0},"f":{"0":0,"1":0,"2":0,"3":0,"4":0},"b":{"0":[0,0],"1":[0,0],"2":[0],"3":[0],"4":[0],"5":[0,0],"6":[0,0],"7":[0,0],"8":[0,0]}}
,"/Users/beatys/src/itsasign/widgets/weather.js": {"path":"/Users/beatys/src/itsasign/widgets/weather.js","statementMap":{"0":{"start":{"line":3,"column":20},"end":{"line":3,"column":29}},"1":{"start":{"line":6,"column":13},"end":{"line":6,"column":50}},"2":{"start":{"line":8,"column":21},"end":{"line":8,"column":50}},"3":{"start":{"line":9,"column":2},"end":{"line":9,"column":47}},"4":{"start":{"line":11,"column":15},"end":{"line":11,"column":44}},"5":{"start":{"line":12,"column":2},"end":{"line":12,"column":34}},"6":{"start":{"line":13,"column":2},"end":{"line":13,"column":25}},"7":{"start":{"line":15,"column":15},"end":{"line":15,"column":44}},"8":{"start":{"line":16,"column":2},"end":{"line":16,"column":34}},"9":{"start":{"line":17,"column":2},"end":{"line":17,"column":27}},"10":{"start":{"line":19,"column":2},"end":{"line":19,"column":32}},"11":{"start":{"line":21,"column":15},"end":{"line":21,"column":44}},"12":{"start":{"line":22,"column":2},"end":{"line":22,"column":34}},"13":{"start":{"line":23,"column":2},"end":{"line":23,"column":42}},"14":{"start":{"line":25,"column":16},"end":{"line":25,"column":45}},"15":{"start":{"line":26,"column":2},"end":{"line":26,"column":36}},"16":{"start":{"line":27,"column":2},"end":{"line":27,"column":34}},"17":{"start":{"line":29,"column":19},"end":{"line":29,"column":48}},"18":{"start":{"line":30,"column":2},"end":{"line":30,"column":42}},"19":{"start":{"line":31,"column":2},"end":{"line":31,"column":28}},"20":{"start":{"line":33,"column":16},"end":{"line":33,"column":45}},"21":{"start":{"line":34,"column":2},"end":{"line":34,"column":36}},"22":{"start":{"line":36,"column":19},"end":{"line":36,"column":48}},"23":{"start":{"line":37,"column":2},"end":{"line":37,"column":38}},"24":{"start":{"line":38,"column":2},"end":{"line":38,"column":116}},"25":{"start":{"line":40,"column":15},"end":{"line":40,"column":44}},"26":{"start":{"line":41,"column":2},"end":{"line":41,"column":34}},"27":{"start":{"line":42,"column":2},"end":{"line":42,"column":108}},"28":{"start":{"line":44,"column":20},"end":{"line":44,"column":49}},"29":{"start":{"line":45,"column":2},"end":{"line":45,"column":39}},"30":{"start":{"line":46,"column":2},"end":{"line":46,"column":119}},"31":{"start":{"line":48,"column":19},"end":{"line":48,"column":48}},"32":{"start":{"line":49,"column":2},"end":{"line":49,"column":42}},"33":{"start":{"line":51,"column":24},"end":{"line":51,"column":53}},"34":{"start":{"line":52,"column":2},"end":{"line":52,"column":53}},"35":{"start":{"line":53,"column":2},"end":{"line":53,"column":47}},"36":{"start":{"line":55,"column":23},"end":{"line":55,"column":52}},"37":{"start":{"line":56,"column":2},"end":{"line":56,"column":51}},"38":{"start":{"line":58,"column":15},"end":{"line":58,"column":44}},"39":{"start":{"line":59,"column":2},"end":{"line":59,"column":34}},"40":{"start":{"line":60,"column":2},"end":{"line":60,"column":49}},"41":{"start":{"line":62,"column":15},"end":{"line":62,"column":44}},"42":{"start":{"line":63,"column":2},"end":{"line":63,"column":34}},"43":{"start":{"line":65,"column":2},"end":{"line":65,"column":42}},"44":{"start":{"line":66,"column":2},"end":{"line":66,"column":27}},"45":{"start":{"line":67,"column":2},"end":{"line":67,"column":47}},"46":{"start":{"line":68,"column":2},"end":{"line":68,"column":28}},"47":{"start":{"line":70,"column":24},"end":{"line":70,"column":39}},"48":{"start":{"line":71,"column":24},"end":{"line":71,"column":40}},"49":{"start":{"line":72,"column":16},"end":{"line":72,"column":44}},"50":{"start":{"line":73,"column":25},"end":{"line":73,"column":55}},"51":{"start":{"line":74,"column":31},"end":{"line":74,"column":74}},"52":{"start":{"line":75,"column":23},"end":{"line":75,"column":68}},"53":{"start":{"line":76,"column":20},"end":{"line":76,"column":54}},"54":{"start":{"line":77,"column":24},"end":{"line":77,"column":68}},"55":{"start":{"line":78,"column":29},"end":{"line":78,"column":66}},"56":{"start":{"line":79,"column":26},"end":{"line":79,"column":72}},"57":{"start":{"line":80,"column":23},"end":{"line":80,"column":128}},"58":{"start":{"line":81,"column":28},"end":{"line":81,"column":67}},"59":{"start":{"line":84,"column":2},"end":{"line":84,"column":88}},"60":{"start":{"line":85,"column":2},"end":{"line":85,"column":68}},"61":{"start":{"line":87,"column":21},"end":{"line":87,"column":25}},"62":{"start":{"line":88,"column":28},"end":{"line":88,"column":32}},"63":{"start":{"line":91,"column":4},"end":{"line":157,"column":5}},"64":{"start":{"line":92,"column":18},"end":{"line":92,"column":67}},"65":{"start":{"line":93,"column":6},"end":{"line":93,"column":56}},"66":{"start":{"line":94,"column":6},"end":{"line":94,"column":58}},"67":{"start":{"line":95,"column":6},"end":{"line":95,"column":120}},"68":{"start":{"line":96,"column":6},"end":{"line":96,"column":90}},"69":{"start":{"line":97,"column":6},"end":{"line":97,"column":66}},"70":{"start":{"line":98,"column":6},"end":{"line":98,"column":64}},"71":{"start":{"line":99,"column":6},"end":{"line":99,"column":61}},"72":{"start":{"line":100,"column":6},"end":{"line":100,"column":47}},"73":{"start":{"line":102,"column":23},"end":{"line":102,"column":39}},"74":{"start":{"line":103,"column":6},"end":{"line":105,"column":7}},"75":{"start":{"line":104,"column":8},"end":{"line":104,"column":70}},"76":{"start":{"line":107,"column":19},"end":{"line":107,"column":40}},"77":{"start":{"line":108,"column":22},"end":{"line":108,"column":40}},"78":{"start":{"line":110,"column":6},"end":{"line":110,"column":63}},"79":{"start":{"line":111,"column":6},"end":{"line":111,"column":67}},"80":{"start":{"line":112,"column":6},"end":{"line":112,"column":65}},"81":{"start":{"line":114,"column":29},"end":{"line":114,"column":67}},"82":{"start":{"line":115,"column":27},"end":{"line":115,"column":65}},"83":{"start":{"line":116,"column":6},"end":{"line":116,"column":75}},"84":{"start":{"line":117,"column":6},"end":{"line":119,"column":7}},"85":{"start":{"line":118,"column":8},"end":{"line":118,"column":45}},"86":{"start":{"line":121,"column":26},"end":{"line":121,"column":50}},"87":{"start":{"line":122,"column":32},"end":{"line":122,"column":93}},"88":{"start":{"line":123,"column":32},"end":{"line":123,"column":140}},"89":{"start":{"line":124,"column":6},"end":{"line":124,"column":110}},"90":{"start":{"line":125,"column":6},"end":{"line":125,"column":188}},"91":{"start":{"line":127,"column":29},"end":{"line":132,"column":8}},"92":{"start":{"line":133,"column":6},"end":{"line":133,"column":134}},"93":{"start":{"line":135,"column":6},"end":{"line":141,"column":9}},"94":{"start":{"line":143,"column":6},"end":{"line":148,"column":9}},"95":{"start":{"line":150,"column":6},"end":{"line":150,"column":29}},"96":{"start":{"line":151,"column":6},"end":{"line":151,"column":31}},"97":{"start":{"line":152,"column":6},"end":{"line":152,"column":38}},"98":{"start":{"line":153,"column":6},"end":{"line":153,"column":92}},"99":{"start":{"line":154,"column":6},"end":{"line":154,"column":67}},"100":{"start":{"line":155,"column":6},"end":{"line":155,"column":72}},"101":{"start":{"line":156,"column":6},"end":{"line":156,"column":34}},"102":{"start":{"line":161,"column":4},"end":{"line":184,"column":5}},"103":{"start":{"line":162,"column":6},"end":{"line":167,"column":9}},"104":{"start":{"line":169,"column":6},"end":{"line":169,"column":65}},"105":{"start":{"line":170,"column":6},"end":{"line":172,"column":9}},"106":{"start":{"line":171,"column":8},"end":{"line":171,"column":37}},"107":{"start":{"line":174,"column":6},"end":{"line":174,"column":31}},"108":{"start":{"line":176,"column":6},"end":{"line":181,"column":9}},"109":{"start":{"line":182,"column":6},"end":{"line":182,"column":32}},"110":{"start":{"line":183,"column":6},"end":{"line":183,"column":13}},"111":{"start":{"line":186,"column":4},"end":{"line":190,"column":18}},"112":{"start":{"line":187,"column":6},"end":{"line":189,"column":7}},"113":{"start":{"line":188,"column":8},"end":{"line":188,"column":27}},"114":{"start":{"line":193,"column":2},"end":{"line":193,"column":9}},"115":{"start":{"line":194,"column":2},"end":{"line":194,"column":12}},"116":{"start":{"line":198,"column":2},"end":{"line":209,"column":3}},"117":{"start":{"line":199,"column":4},"end":{"line":208,"column":5}},"118":{"start":{"line":200,"column":23},"end":{"line":200,"column":82}},"119":{"start":{"line":201,"column":6},"end":{"line":205,"column":8}},"120":{"start":{"line":211,"column":2},"end":{"line":217,"column":3}},"121":{"start":{"line":212,"column":4},"end":{"line":216,"column":6}},"122":{"start":{"line":219,"column":2},"end":{"line":219,"column":46}},"123":{"start":{"line":223,"column":2},"end":{"line":229,"column":5}},"124":{"start":{"line":224,"column":4},"end":{"line":228,"column":7}},"125":{"start":{"line":233,"column":2},"end":{"line":265,"column":3}},"126":{"start":{"line":234,"column":16},"end":{"line":234,"column":83}},"127":{"start":{"line":235,"column":4},"end":{"line":235,"column":62}},"128":{"start":{"line":236,"column":4},"end":{"line":236,"column":64}},"129":{"start":{"line":237,"column":4},"end":{"line":237,"column":51}},"130":{"start":{"line":239,"column":21},"end":{"line":239,"column":37}},"131":{"start":{"line":240,"column":4},"end":{"line":242,"column":5}},"132":{"start":{"line":241,"column":6},"end":{"line":241,"column":68}},"133":{"start":{"line":244,"column":17},"end":{"line":244,"column":38}},"134":{"start":{"line":245,"column":17},"end":{"line":250,"column":5}},"135":{"start":{"line":251,"column":24},"end":{"line":251,"column":62}},"136":{"start":{"line":252,"column":20},"end":{"line":252,"column":66}},"137":{"start":{"line":254,"column":4},"end":{"line":256,"column":5}},"138":{"start":{"line":255,"column":6},"end":{"line":255,"column":35}},"139":{"start":{"line":257,"column":4},"end":{"line":259,"column":5}},"140":{"start":{"line":258,"column":6},"end":{"line":258,"column":18}},"141":{"start":{"line":260,"column":4},"end":{"line":262,"column":5}},"142":{"start":{"line":261,"column":6},"end":{"line":261,"column":21}},"143":{"start":{"line":267,"column":2},"end":{"line":267,"column":39}},"144":{"start":{"line":271,"column":2},"end":{"line":275,"column":3}},"145":{"start":{"line":272,"column":4},"end":{"line":274,"column":5}},"146":{"start":{"line":273,"column":6},"end":{"line":273,"column":26}},"147":{"start":{"line":276,"column":2},"end":{"line":276,"column":12}},"148":{"start":{"line":280,"column":2},"end":{"line":282,"column":3}},"149":{"start":{"line":281,"column":4},"end":{"line":281,"column":14}},"150":{"start":{"line":284,"column":18},"end":{"line":284,"column":30}},"151":{"start":{"line":285,"column":2},"end":{"line":287,"column":3}},"152":{"start":{"line":286,"column":4},"end":{"line":286,"column":14}},"153":{"start":{"line":289,"column":2},"end":{"line":289,"column":31}},"154":{"start":{"line":293,"column":2},"end":{"line":293,"column":89}},"155":{"start":{"line":297,"column":14},"end":{"line":297,"column":27}},"156":{"start":{"line":298,"column":2},"end":{"line":298,"column":43}},"157":{"start":{"line":302,"column":2},"end":{"line":304,"column":3}},"158":{"start":{"line":303,"column":4},"end":{"line":303,"column":23}},"159":{"start":{"line":306,"column":16},"end":{"line":306,"column":56}},"160":{"start":{"line":307,"column":2},"end":{"line":309,"column":3}},"161":{"start":{"line":308,"column":4},"end":{"line":308,"column":27}},"162":{"start":{"line":311,"column":2},"end":{"line":313,"column":3}},"163":{"start":{"line":312,"column":4},"end":{"line":312,"column":61}},"164":{"start":{"line":315,"column":2},"end":{"line":315,"column":60}},"165":{"start":{"line":319,"column":14},"end":{"line":319,"column":27}},"166":{"start":{"line":320,"column":2},"end":{"line":322,"column":3}},"167":{"start":{"line":321,"column":4},"end":{"line":321,"column":16}},"168":{"start":{"line":324,"column":16},"end":{"line":324,"column":37}},"169":{"start":{"line":325,"column":2},"end":{"line":325,"column":39}},"170":{"start":{"line":329,"column":2},"end":{"line":331,"column":3}},"171":{"start":{"line":330,"column":4},"end":{"line":330,"column":16}},"172":{"start":{"line":333,"column":2},"end":{"line":340,"column":3}},"173":{"start":{"line":334,"column":21},"end":{"line":334,"column":70}},"174":{"start":{"line":335,"column":4},"end":{"line":337,"column":5}},"175":{"start":{"line":336,"column":6},"end":{"line":336,"column":18}},"176":{"start":{"line":339,"column":4},"end":{"line":339,"column":131}},"177":{"start":{"line":342,"column":19},"end":{"line":342,"column":68}},"178":{"start":{"line":343,"column":2},"end":{"line":345,"column":3}},"179":{"start":{"line":344,"column":4},"end":{"line":344,"column":16}},"180":{"start":{"line":347,"column":2},"end":{"line":347,"column":129}},"181":{"start":{"line":351,"column":16},"end":{"line":351,"column":29}},"182":{"start":{"line":352,"column":2},"end":{"line":354,"column":3}},"183":{"start":{"line":353,"column":4},"end":{"line":353,"column":15}},"184":{"start":{"line":356,"column":26},"end":{"line":356,"column":60}},"185":{"start":{"line":357,"column":2},"end":{"line":359,"column":3}},"186":{"start":{"line":358,"column":4},"end":{"line":358,"column":15}},"187":{"start":{"line":361,"column":2},"end":{"line":361,"column":46}},"188":{"start":{"line":361,"column":23},"end":{"line":361,"column":46}},"189":{"start":{"line":362,"column":2},"end":{"line":362,"column":53}},"190":{"start":{"line":362,"column":24},"end":{"line":362,"column":53}},"191":{"start":{"line":363,"column":2},"end":{"line":363,"column":62}},"192":{"start":{"line":363,"column":24},"end":{"line":363,"column":62}},"193":{"start":{"line":364,"column":2},"end":{"line":364,"column":61}},"194":{"start":{"line":364,"column":23},"end":{"line":364,"column":61}},"195":{"start":{"line":365,"column":2},"end":{"line":365,"column":13}},"196":{"start":{"line":369,"column":2},"end":{"line":369,"column":34}},"197":{"start":{"line":369,"column":21},"end":{"line":369,"column":34}},"198":{"start":{"line":370,"column":2},"end":{"line":370,"column":41}},"199":{"start":{"line":370,"column":22},"end":{"line":370,"column":41}},"200":{"start":{"line":371,"column":2},"end":{"line":371,"column":50}},"201":{"start":{"line":371,"column":22},"end":{"line":371,"column":50}},"202":{"start":{"line":372,"column":2},"end":{"line":372,"column":49}},"203":{"start":{"line":372,"column":21},"end":{"line":372,"column":49}},"204":{"start":{"line":373,"column":2},"end":{"line":373,"column":13}},"205":{"start":{"line":377,"column":16},"end":{"line":377,"column":51}},"206":{"start":{"line":378,"column":21},"end":{"line":378,"column":73}},"207":{"start":{"line":379,"column":2},"end":{"line":379,"column":52}},"208":{"start":{"line":383,"column":14},"end":{"line":388,"column":3}},"209":{"start":{"line":389,"column":2},"end":{"line":389,"column":27}},"210":{"start":{"line":393,"column":2},"end":{"line":393,"column":30}},"211":{"start":{"line":395,"column":2},"end":{"line":397,"column":3}},"212":{"start":{"line":396,"column":4},"end":{"line":396,"column":11}},"213":{"start":{"line":399,"column":2},"end":{"line":417,"column":3}},"214":{"start":{"line":399,"column":15},"end":{"line":399,"column":16}},"215":{"start":{"line":400,"column":16},"end":{"line":400,"column":45}},"216":{"start":{"line":401,"column":4},"end":{"line":401,"column":43}},"217":{"start":{"line":403,"column":16},"end":{"line":403,"column":45}},"218":{"start":{"line":404,"column":4},"end":{"line":404,"column":43}},"219":{"start":{"line":405,"column":4},"end":{"line":405,"column":44}},"220":{"start":{"line":407,"column":20},"end":{"line":407,"column":49}},"221":{"start":{"line":408,"column":4},"end":{"line":408,"column":48}},"222":{"start":{"line":409,"column":4},"end":{"line":409,"column":61}},"223":{"start":{"line":411,"column":18},"end":{"line":411,"column":47}},"224":{"start":{"line":412,"column":4},"end":{"line":412,"column":47}},"225":{"start":{"line":413,"column":4},"end":{"line":413,"column":119}},"226":{"start":{"line":415,"column":4},"end":{"line":415,"column":36}},"227":{"start":{"line":416,"column":4},"end":{"line":416,"column":34}},"228":{"start":{"line":421,"column":2},"end":{"line":423,"column":3}},"229":{"start":{"line":422,"column":4},"end":{"line":422,"column":19}},"230":{"start":{"line":425,"column":29},"end":{"line":425,"column":60}},"231":{"start":{"line":426,"column":2},"end":{"line":428,"column":3}},"232":{"start":{"line":427,"column":4},"end":{"line":427,"column":20}},"233":{"start":{"line":431,"column":15},"end":{"line":431,"column":45}},"234":{"start":{"line":432,"column":2},"end":{"line":432,"column":79}},"235":{"start":{"line":436,"column":2},"end":{"line":438,"column":3}},"236":{"start":{"line":437,"column":4},"end":{"line":437,"column":14}},"237":{"start":{"line":440,"column":21},"end":{"line":440,"column":65}},"238":{"start":{"line":441,"column":16},"end":{"line":441,"column":56}},"239":{"start":{"line":442,"column":2},"end":{"line":442,"column":27}},"240":{"start":{"line":446,"column":2},"end":{"line":446,"column":45}},"241":{"start":{"line":450,"column":14},"end":{"line":450,"column":25}},"242":{"start":{"line":451,"column":2},"end":{"line":451,"column":40}},"243":{"start":{"line":451,"column":29},"end":{"line":451,"column":40}},"244":{"start":{"line":452,"column":2},"end":{"line":452,"column":23}},"245":{"start":{"line":456,"column":14},"end":{"line":456,"column":27}},"246":{"start":{"line":457,"column":2},"end":{"line":459,"column":3}},"247":{"start":{"line":458,"column":4},"end":{"line":458,"column":20}},"248":{"start":{"line":460,"column":2},"end":{"line":460,"column":33}},"249":{"start":{"line":464,"column":14},"end":{"line":464,"column":27}},"250":{"start":{"line":465,"column":2},"end":{"line":467,"column":3}},"251":{"start":{"line":466,"column":4},"end":{"line":466,"column":20}},"252":{"start":{"line":468,"column":2},"end":{"line":468,"column":31}},"253":{"start":{"line":472,"column":18},"end":{"line":472,"column":44}},"254":{"start":{"line":473,"column":2},"end":{"line":473,"column":23}},"255":{"start":{"line":478,"column":14},"end":{"line":478,"column":125}},"256":{"start":{"line":478,"column":27},"end":{"line":478,"column":125}},"257":{"start":{"line":480,"column":2},"end":{"line":483,"column":3}},"258":{"start":{"line":482,"column":4},"end":{"line":482,"column":710}},"259":{"start":{"line":484,"column":2},"end":{"line":487,"column":3}},"260":{"start":{"line":486,"column":4},"end":{"line":486,"column":557}},"261":{"start":{"line":488,"column":2},"end":{"line":491,"column":3}},"262":{"start":{"line":490,"column":4},"end":{"line":490,"column":242}},"263":{"start":{"line":492,"column":2},"end":{"line":495,"column":3}},"264":{"start":{"line":494,"column":4},"end":{"line":494,"column":238}},"265":{"start":{"line":496,"column":2},"end":{"line":499,"column":3}},"266":{"start":{"line":498,"column":4},"end":{"line":498,"column":547}},"267":{"start":{"line":500,"column":2},"end":{"line":503,"column":3}},"268":{"start":{"line":502,"column":4},"end":{"line":502,"column":449}},"269":{"start":{"line":504,"column":2},"end":{"line":507,"column":3}},"270":{"start":{"line":506,"column":4},"end":{"line":506,"column":448}},"271":{"start":{"line":508,"column":2},"end":{"line":511,"column":3}},"272":{"start":{"line":510,"column":4},"end":{"line":510,"column":646}},"273":{"start":{"line":512,"column":2},"end":{"line":515,"column":3}},"274":{"start":{"line":514,"column":4},"end":{"line":514,"column":383}},"275":{"start":{"line":516,"column":2},"end":{"line":519,"column":3}},"276":{"start":{"line":518,"column":4},"end":{"line":518,"column":682}},"277":{"start":{"line":520,"column":2},"end":{"line":523,"column":3}},"278":{"start":{"line":522,"column":4},"end":{"line":522,"column":638}},"279":{"start":{"line":524,"column":2},"end":{"line":527,"column":3}},"280":{"start":{"line":526,"column":4},"end":{"line":526,"column":678}},"281":{"start":{"line":528,"column":2},"end":{"line":531,"column":3}},"282":{"start":{"line":530,"column":4},"end":{"line":530,"column":376}},"283":{"start":{"line":534,"column":2},"end":{"line":534,"column":120}},"284":{"start":{"line":538,"column":14},"end":{"line":552,"column":3}},"285":{"start":{"line":553,"column":2},"end":{"line":553,"column":37}}},"fnMap":{"0":{"name":"create","decl":{"start":{"line":5,"column":16},"end":{"line":5,"column":22}},"loc":{"start":{"line":5,"column":31},"end":{"line":195,"column":1}},"line":5},"1":{"name":"load","decl":{"start":{"line":90,"column":17},"end":{"line":90,"column":21}},"loc":{"start":{"line":90,"column":30},"end":{"line":158,"column":3}},"line":90},"2":{"name":"init","decl":{"start":{"line":160,"column":17},"end":{"line":160,"column":21}},"loc":{"start":{"line":160,"column":24},"end":{"line":191,"column":3}},"line":160},"3":{"name":"(anonymous_3)","decl":{"start":{"line":170,"column":46},"end":{"line":170,"column":47}},"loc":{"start":{"line":170,"column":55},"end":{"line":172,"column":7}},"line":170},"4":{"name":"(anonymous_4)","decl":{"start":{"line":186,"column":16},"end":{"line":186,"column":17}},"loc":{"start":{"line":186,"column":22},"end":{"line":190,"column":5}},"line":186},"5":{"name":"resolveCoordinates","decl":{"start":{"line":197,"column":15},"end":{"line":197,"column":33}},"loc":{"start":{"line":197,"column":106},"end":{"line":220,"column":1}},"line":197},"6":{"name":"getCurrentPosition","decl":{"start":{"line":222,"column":9},"end":{"line":222,"column":27}},"loc":{"start":{"line":222,"column":41},"end":{"line":230,"column":1}},"line":222},"7":{"name":"(anonymous_7)","decl":{"start":{"line":223,"column":21},"end":{"line":223,"column":22}},"loc":{"start":{"line":223,"column":42},"end":{"line":229,"column":3}},"line":223},"8":{"name":"resolveLocationLabel","decl":{"start":{"line":232,"column":15},"end":{"line":232,"column":35}},"loc":{"start":{"line":232,"column":44},"end":{"line":268,"column":1}},"line":232},"9":{"name":"firstNonEmpty","decl":{"start":{"line":270,"column":9},"end":{"line":270,"column":22}},"loc":{"start":{"line":270,"column":34},"end":{"line":277,"column":1}},"line":270},"10":{"name":"normalizeCountryCode","decl":{"start":{"line":279,"column":9},"end":{"line":279,"column":29}},"loc":{"start":{"line":279,"column":37},"end":{"line":290,"column":1}},"line":279},"11":{"name":"formatCoordinateLabel","decl":{"start":{"line":292,"column":9},"end":{"line":292,"column":30}},"loc":{"start":{"line":292,"column":39},"end":{"line":294,"column":1}},"line":292},"12":{"name":"toFiniteNumber","decl":{"start":{"line":296,"column":9},"end":{"line":296,"column":23}},"loc":{"start":{"line":296,"column":31},"end":{"line":299,"column":1}},"line":296},"13":{"name":"formatTrend","decl":{"start":{"line":301,"column":9},"end":{"line":301,"column":20}},"loc":{"start":{"line":301,"column":62},"end":{"line":316,"column":1}},"line":301},"14":{"name":"formatSignedDecimal","decl":{"start":{"line":318,"column":9},"end":{"line":318,"column":28}},"loc":{"start":{"line":318,"column":46},"end":{"line":326,"column":1}},"line":318},"15":{"name":"calculateWindChill","decl":{"start":{"line":328,"column":9},"end":{"line":328,"column":27}},"loc":{"start":{"line":328,"column":88},"end":{"line":348,"column":1}},"line":328},"16":{"name":"convertWindSpeed","decl":{"start":{"line":350,"column":9},"end":{"line":350,"column":25}},"loc":{"start":{"line":350,"column":51},"end":{"line":366,"column":1}},"line":350},"17":{"name":"toMetersPerSecond","decl":{"start":{"line":368,"column":9},"end":{"line":368,"column":26}},"loc":{"start":{"line":368,"column":40},"end":{"line":374,"column":1}},"line":368},"18":{"name":"normalizeWindSpeedUnit","decl":{"start":{"line":376,"column":9},"end":{"line":376,"column":31}},"loc":{"start":{"line":376,"column":39},"end":{"line":380,"column":1}},"line":376},"19":{"name":"windSpeedUnitLabelText","decl":{"start":{"line":382,"column":9},"end":{"line":382,"column":31}},"loc":{"start":{"line":382,"column":38},"end":{"line":390,"column":1}},"line":382},"20":{"name":"renderForecast","decl":{"start":{"line":392,"column":9},"end":{"line":392,"column":23}},"loc":{"start":{"line":392,"column":76},"end":{"line":418,"column":1}},"line":392},"21":{"name":"dayLabel","decl":{"start":{"line":420,"column":9},"end":{"line":420,"column":17}},"loc":{"start":{"line":420,"column":35},"end":{"line":433,"column":1}},"line":420},"22":{"name":"degreesToCompass","decl":{"start":{"line":435,"column":9},"end":{"line":435,"column":25}},"loc":{"start":{"line":435,"column":31},"end":{"line":443,"column":1}},"line":435},"23":{"name":"clamp","decl":{"start":{"line":445,"column":9},"end":{"line":445,"column":14}},"loc":{"start":{"line":445,"column":32},"end":{"line":447,"column":1}},"line":445},"24":{"name":"hpaToInhg","decl":{"start":{"line":449,"column":9},"end":{"line":449,"column":18}},"loc":{"start":{"line":449,"column":24},"end":{"line":453,"column":1}},"line":449},"25":{"name":"formatRounded","decl":{"start":{"line":455,"column":9},"end":{"line":455,"column":22}},"loc":{"start":{"line":455,"column":40},"end":{"line":461,"column":1}},"line":455},"26":{"name":"formatDecimal","decl":{"start":{"line":463,"column":9},"end":{"line":463,"column":22}},"loc":{"start":{"line":463,"column":50},"end":{"line":469,"column":1}},"line":463},"27":{"name":"formatTemperature","decl":{"start":{"line":471,"column":9},"end":{"line":471,"column":26}},"loc":{"start":{"line":471,"column":34},"end":{"line":474,"column":1}},"line":471},"28":{"name":"weatherCodeToIcon","decl":{"start":{"line":476,"column":9},"end":{"line":476,"column":26}},"loc":{"start":{"line":476,"column":33},"end":{"line":535,"column":1}},"line":476},"29":{"name":"(anonymous_29)","decl":{"start":{"line":478,"column":14},"end":{"line":478,"column":15}},"loc":{"start":{"line":478,"column":27},"end":{"line":478,"column":125}},"line":478},"30":{"name":"weatherCodeToText","decl":{"start":{"line":537,"column":9},"end":{"line":537,"column":26}},"loc":{"start":{"line":537,"column":33},"end":{"line":554,"column":1}},"line":537}},"branchMap":{"0":{"loc":{"start":{"line":6,"column":24},"end":{"line":6,"column":49}},"type":"binary-expr","locations":[{"start":{"line":6,"column":24},"end":{"line":6,"column":36}},{"start":{"line":6,"column":40},"end":{"line":6,"column":49}}],"line":6},"1":{"loc":{"start":{"line":72,"column":16},"end":{"line":72,"column":44}},"type":"binary-expr","locations":[{"start":{"line":72,"column":16},"end":{"line":72,"column":28}},{"start":{"line":72,"column":32},"end":{"line":72,"column":44}}],"line":72},"2":{"loc":{"start":{"line":74,"column":31},"end":{"line":74,"column":74}},"type":"binary-expr","locations":[{"start":{"line":74,"column":31},"end":{"line":74,"column":66}},{"start":{"line":74,"column":70},"end":{"line":74,"column":74}}],"line":74},"3":{"loc":{"start":{"line":75,"column":29},"end":{"line":75,"column":61}},"type":"binary-expr","locations":[{"start":{"line":75,"column":29},"end":{"line":75,"column":56}},{"start":{"line":75,"column":60},"end":{"line":75,"column":61}}],"line":75},"4":{"loc":{"start":{"line":76,"column":20},"end":{"line":76,"column":54}},"type":"binary-expr","locations":[{"start":{"line":76,"column":20},"end":{"line":76,"column":44}},{"start":{"line":76,"column":48},"end":{"line":76,"column":54}}],"line":76},"5":{"loc":{"start":{"line":79,"column":26},"end":{"line":79,"column":72}},"type":"cond-expr","locations":[{"start":{"line":79,"column":48},"end":{"line":79,"column":57}},{"start":{"line":79,"column":60},"end":{"line":79,"column":72}}],"line":79},"6":{"loc":{"start":{"line":80,"column":23},"end":{"line":80,"column":128}},"type":"cond-expr","locations":[{"start":{"line":80,"column":114},"end":{"line":80,"column":119}},{"start":{"line":80,"column":122},"end":{"line":80,"column":128}}],"line":80},"7":{"loc":{"start":{"line":80,"column":24},"end":{"line":80,"column":110}},"type":"binary-expr","locations":[{"start":{"line":80,"column":24},"end":{"line":80,"column":63}},{"start":{"line":80,"column":67},"end":{"line":80,"column":110}}],"line":80},"8":{"loc":{"start":{"line":81,"column":28},"end":{"line":81,"column":67}},"type":"cond-expr","locations":[{"start":{"line":81,"column":53},"end":{"line":81,"column":58}},{"start":{"line":81,"column":61},"end":{"line":81,"column":67}}],"line":81},"9":{"loc":{"start":{"line":103,"column":6},"end":{"line":105,"column":7}},"type":"if","locations":[{"start":{"line":103,"column":6},"end":{"line":105,"column":7}},{"start":{},"end":{}}],"line":103},"10":{"loc":{"start":{"line":108,"column":22},"end":{"line":108,"column":40}},"type":"binary-expr","locations":[{"start":{"line":108,"column":22},"end":{"line":108,"column":34}},{"start":{"line":108,"column":38},"end":{"line":108,"column":40}}],"line":108},"11":{"loc":{"start":{"line":117,"column":6},"end":{"line":119,"column":7}},"type":"if","locations":[{"start":{"line":117,"column":6},"end":{"line":119,"column":7}},{"start":{},"end":{}}],"line":117},"12":{"loc":{"start":{"line":122,"column":32},"end":{"line":122,"column":93}},"type":"cond-expr","locations":[{"start":{"line":122,"column":57},"end":{"line":122,"column":68}},{"start":{"line":122,"column":71},"end":{"line":122,"column":93}}],"line":122},"13":{"loc":{"start":{"line":123,"column":32},"end":{"line":123,"column":140}},"type":"cond-expr","locations":[{"start":{"line":123,"column":58},"end":{"line":123,"column":99}},{"start":{"line":123,"column":102},"end":{"line":123,"column":140}}],"line":123},"14":{"loc":{"start":{"line":133,"column":67},"end":{"line":133,"column":133}},"type":"cond-expr","locations":[{"start":{"line":133,"column":92},"end":{"line":133,"column":97}},{"start":{"line":133,"column":100},"end":{"line":133,"column":133}}],"line":133},"15":{"loc":{"start":{"line":137,"column":15},"end":{"line":137,"column":44}},"type":"binary-expr","locations":[{"start":{"line":137,"column":15},"end":{"line":137,"column":25}},{"start":{"line":137,"column":29},"end":{"line":137,"column":44}}],"line":137},"16":{"loc":{"start":{"line":138,"column":15},"end":{"line":138,"column":52}},"type":"binary-expr","locations":[{"start":{"line":138,"column":15},"end":{"line":138,"column":25}},{"start":{"line":138,"column":29},"end":{"line":138,"column":52}}],"line":138},"17":{"loc":{"start":{"line":139,"column":18},"end":{"line":139,"column":61}},"type":"binary-expr","locations":[{"start":{"line":139,"column":18},"end":{"line":139,"column":28}},{"start":{"line":139,"column":32},"end":{"line":139,"column":61}}],"line":139},"18":{"loc":{"start":{"line":140,"column":18},"end":{"line":140,"column":61}},"type":"binary-expr","locations":[{"start":{"line":140,"column":18},"end":{"line":140,"column":28}},{"start":{"line":140,"column":32},"end":{"line":140,"column":61}}],"line":140},"19":{"loc":{"start":{"line":187,"column":6},"end":{"line":189,"column":7}},"type":"if","locations":[{"start":{"line":187,"column":6},"end":{"line":189,"column":7}},{"start":{},"end":{}}],"line":187},"20":{"loc":{"start":{"line":198,"column":2},"end":{"line":209,"column":3}},"type":"if","locations":[{"start":{"line":198,"column":2},"end":{"line":209,"column":3}},{"start":{},"end":{}}],"line":198},"21":{"loc":{"start":{"line":198,"column":6},"end":{"line":198,"column":45}},"type":"binary-expr","locations":[{"start":{"line":198,"column":6},"end":{"line":198,"column":20}},{"start":{"line":198,"column":24},"end":{"line":198,"column":45}}],"line":198},"22":{"loc":{"start":{"line":211,"column":2},"end":{"line":217,"column":3}},"type":"if","locations":[{"start":{"line":211,"column":2},"end":{"line":217,"column":3}},{"start":{},"end":{}}],"line":211},"23":{"loc":{"start":{"line":211,"column":6},"end":{"line":211,"column":52}},"type":"binary-expr","locations":[{"start":{"line":211,"column":6},"end":{"line":211,"column":27}},{"start":{"line":211,"column":31},"end":{"line":211,"column":52}}],"line":211},"24":{"loc":{"start":{"line":240,"column":4},"end":{"line":242,"column":5}},"type":"if","locations":[{"start":{"line":240,"column":4},"end":{"line":242,"column":5}},{"start":{},"end":{}}],"line":240},"25":{"loc":{"start":{"line":249,"column":6},"end":{"line":249,"column":142}},"type":"binary-expr","locations":[{"start":{"line":249,"column":6},"end":{"line":249,"column":23}},{"start":{"line":249,"column":27},"end":{"line":249,"column":59}},{"start":{"line":249,"column":63},"end":{"line":249,"column":98}},{"start":{"line":249,"column":102},"end":{"line":249,"column":142}}],"line":249},"26":{"loc":{"start":{"line":252,"column":20},"end":{"line":252,"column":66}},"type":"binary-expr","locations":[{"start":{"line":252,"column":20},"end":{"line":252,"column":31}},{"start":{"line":252,"column":35},"end":{"line":252,"column":66}}],"line":252},"27":{"loc":{"start":{"line":254,"column":4},"end":{"line":256,"column":5}},"type":"if","locations":[{"start":{"line":254,"column":4},"end":{"line":256,"column":5}},{"start":{},"end":{}}],"line":254},"28":{"loc":{"start":{"line":254,"column":8},"end":{"line":254,"column":23}},"type":"binary-expr","locations":[{"start":{"line":254,"column":8},"end":{"line":254,"column":12}},{"start":{"line":254,"column":16},"end":{"line":254,"column":23}}],"line":254},"29":{"loc":{"start":{"line":257,"column":4},"end":{"line":259,"column":5}},"type":"if","locations":[{"start":{"line":257,"column":4},"end":{"line":259,"column":5}},{"start":{},"end":{}}],"line":257},"30":{"loc":{"start":{"line":260,"column":4},"end":{"line":262,"column":5}},"type":"if","locations":[{"start":{"line":260,"column":4},"end":{"line":262,"column":5}},{"start":{},"end":{}}],"line":260},"31":{"loc":{"start":{"line":272,"column":4},"end":{"line":274,"column":5}},"type":"if","locations":[{"start":{"line":272,"column":4},"end":{"line":274,"column":5}},{"start":{},"end":{}}],"line":272},"32":{"loc":{"start":{"line":272,"column":8},"end":{"line":272,"column":49}},"type":"binary-expr","locations":[{"start":{"line":272,"column":8},"end":{"line":272,"column":33}},{"start":{"line":272,"column":37},"end":{"line":272,"column":49}}],"line":272},"33":{"loc":{"start":{"line":280,"column":2},"end":{"line":282,"column":3}},"type":"if","locations":[{"start":{"line":280,"column":2},"end":{"line":282,"column":3}},{"start":{},"end":{}}],"line":280},"34":{"loc":{"start":{"line":285,"column":2},"end":{"line":287,"column":3}},"type":"if","locations":[{"start":{"line":285,"column":2},"end":{"line":287,"column":3}},{"start":{},"end":{}}],"line":285},"35":{"loc":{"start":{"line":298,"column":9},"end":{"line":298,"column":42}},"type":"cond-expr","locations":[{"start":{"line":298,"column":32},"end":{"line":298,"column":35}},{"start":{"line":298,"column":38},"end":{"line":298,"column":42}}],"line":298},"36":{"loc":{"start":{"line":302,"column":2},"end":{"line":304,"column":3}},"type":"if","locations":[{"start":{"line":302,"column":2},"end":{"line":304,"column":3}},{"start":{},"end":{}}],"line":302},"37":{"loc":{"start":{"line":302,"column":6},"end":{"line":302,"column":63}},"type":"binary-expr","locations":[{"start":{"line":302,"column":6},"end":{"line":302,"column":33}},{"start":{"line":302,"column":37},"end":{"line":302,"column":63}}],"line":302},"38":{"loc":{"start":{"line":307,"column":2},"end":{"line":309,"column":3}},"type":"if","locations":[{"start":{"line":307,"column":2},"end":{"line":309,"column":3}},{"start":{},"end":{}}],"line":307},"39":{"loc":{"start":{"line":311,"column":2},"end":{"line":313,"column":3}},"type":"if","locations":[{"start":{"line":311,"column":2},"end":{"line":313,"column":3}},{"start":{},"end":{}}],"line":311},"40":{"loc":{"start":{"line":320,"column":2},"end":{"line":322,"column":3}},"type":"if","locations":[{"start":{"line":320,"column":2},"end":{"line":322,"column":3}},{"start":{},"end":{}}],"line":320},"41":{"loc":{"start":{"line":325,"column":9},"end":{"line":325,"column":38}},"type":"cond-expr","locations":[{"start":{"line":325,"column":19},"end":{"line":325,"column":30}},{"start":{"line":325,"column":33},"end":{"line":325,"column":38}}],"line":325},"42":{"loc":{"start":{"line":329,"column":2},"end":{"line":331,"column":3}},"type":"if","locations":[{"start":{"line":329,"column":2},"end":{"line":331,"column":3}},{"start":{},"end":{}}],"line":329},"43":{"loc":{"start":{"line":329,"column":6},"end":{"line":329,"column":46}},"type":"binary-expr","locations":[{"start":{"line":329,"column":6},"end":{"line":329,"column":25}},{"start":{"line":329,"column":29},"end":{"line":329,"column":46}}],"line":329},"44":{"loc":{"start":{"line":333,"column":2},"end":{"line":340,"column":3}},"type":"if","locations":[{"start":{"line":333,"column":2},"end":{"line":340,"column":3}},{"start":{},"end":{}}],"line":333},"45":{"loc":{"start":{"line":335,"column":4},"end":{"line":337,"column":5}},"type":"if","locations":[{"start":{"line":335,"column":4},"end":{"line":337,"column":5}},{"start":{},"end":{}}],"line":335},"46":{"loc":{"start":{"line":335,"column":8},"end":{"line":335,"column":41}},"type":"binary-expr","locations":[{"start":{"line":335,"column":8},"end":{"line":335,"column":24}},{"start":{"line":335,"column":28},"end":{"line":335,"column":41}}],"line":335},"47":{"loc":{"start":{"line":343,"column":2},"end":{"line":345,"column":3}},"type":"if","locations":[{"start":{"line":343,"column":2},"end":{"line":345,"column":3}},{"start":{},"end":{}}],"line":343},"48":{"loc":{"start":{"line":343,"column":6},"end":{"line":343,"column":41}},"type":"binary-expr","locations":[{"start":{"line":343,"column":6},"end":{"line":343,"column":22}},{"start":{"line":343,"column":26},"end":{"line":343,"column":41}}],"line":343},"49":{"loc":{"start":{"line":352,"column":2},"end":{"line":354,"column":3}},"type":"if","locations":[{"start":{"line":352,"column":2},"end":{"line":354,"column":3}},{"start":{},"end":{}}],"line":352},"50":{"loc":{"start":{"line":357,"column":2},"end":{"line":359,"column":3}},"type":"if","locations":[{"start":{"line":357,"column":2},"end":{"line":359,"column":3}},{"start":{},"end":{}}],"line":357},"51":{"loc":{"start":{"line":361,"column":2},"end":{"line":361,"column":46}},"type":"if","locations":[{"start":{"line":361,"column":2},"end":{"line":361,"column":46}},{"start":{},"end":{}}],"line":361},"52":{"loc":{"start":{"line":362,"column":2},"end":{"line":362,"column":53}},"type":"if","locations":[{"start":{"line":362,"column":2},"end":{"line":362,"column":53}},{"start":{},"end":{}}],"line":362},"53":{"loc":{"start":{"line":363,"column":2},"end":{"line":363,"column":62}},"type":"if","locations":[{"start":{"line":363,"column":2},"end":{"line":363,"column":62}},{"start":{},"end":{}}],"line":363},"54":{"loc":{"start":{"line":364,"column":2},"end":{"line":364,"column":61}},"type":"if","locations":[{"start":{"line":364,"column":2},"end":{"line":364,"column":61}},{"start":{},"end":{}}],"line":364},"55":{"loc":{"start":{"line":369,"column":2},"end":{"line":369,"column":34}},"type":"if","locations":[{"start":{"line":369,"column":2},"end":{"line":369,"column":34}},{"start":{},"end":{}}],"line":369},"56":{"loc":{"start":{"line":370,"column":2},"end":{"line":370,"column":41}},"type":"if","locations":[{"start":{"line":370,"column":2},"end":{"line":370,"column":41}},{"start":{},"end":{}}],"line":370},"57":{"loc":{"start":{"line":371,"column":2},"end":{"line":371,"column":50}},"type":"if","locations":[{"start":{"line":371,"column":2},"end":{"line":371,"column":50}},{"start":{},"end":{}}],"line":371},"58":{"loc":{"start":{"line":372,"column":2},"end":{"line":372,"column":49}},"type":"if","locations":[{"start":{"line":372,"column":2},"end":{"line":372,"column":49}},{"start":{},"end":{}}],"line":372},"59":{"loc":{"start":{"line":378,"column":21},"end":{"line":378,"column":73}},"type":"cond-expr","locations":[{"start":{"line":378,"column":49},"end":{"line":378,"column":68}},{"start":{"line":378,"column":71},"end":{"line":378,"column":73}}],"line":378},"60":{"loc":{"start":{"line":379,"column":9},"end":{"line":379,"column":51}},"type":"cond-expr","locations":[{"start":{"line":379,"column":33},"end":{"line":379,"column":43}},{"start":{"line":379,"column":46},"end":{"line":379,"column":51}}],"line":379},"61":{"loc":{"start":{"line":389,"column":9},"end":{"line":389,"column":26}},"type":"binary-expr","locations":[{"start":{"line":389,"column":9},"end":{"line":389,"column":18}},{"start":{"line":389,"column":22},"end":{"line":389,"column":26}}],"line":389},"62":{"loc":{"start":{"line":395,"column":2},"end":{"line":397,"column":3}},"type":"if","locations":[{"start":{"line":395,"column":2},"end":{"line":397,"column":3}},{"start":{},"end":{}}],"line":395},"63":{"loc":{"start":{"line":395,"column":6},"end":{"line":395,"column":44}},"type":"binary-expr","locations":[{"start":{"line":395,"column":6},"end":{"line":395,"column":27}},{"start":{"line":395,"column":31},"end":{"line":395,"column":44}}],"line":395},"64":{"loc":{"start":{"line":409,"column":42},"end":{"line":409,"column":59}},"type":"binary-expr","locations":[{"start":{"line":409,"column":42},"end":{"line":409,"column":47}},{"start":{"line":409,"column":51},"end":{"line":409,"column":59}}],"line":409},"65":{"loc":{"start":{"line":413,"column":45},"end":{"line":413,"column":68}},"type":"binary-expr","locations":[{"start":{"line":413,"column":45},"end":{"line":413,"column":53}},{"start":{"line":413,"column":57},"end":{"line":413,"column":68}}],"line":413},"66":{"loc":{"start":{"line":413,"column":92},"end":{"line":413,"column":115}},"type":"binary-expr","locations":[{"start":{"line":413,"column":92},"end":{"line":413,"column":100}},{"start":{"line":413,"column":104},"end":{"line":413,"column":115}}],"line":413},"67":{"loc":{"start":{"line":421,"column":2},"end":{"line":423,"column":3}},"type":"if","locations":[{"start":{"line":421,"column":2},"end":{"line":423,"column":3}},{"start":{},"end":{}}],"line":421},"68":{"loc":{"start":{"line":426,"column":2},"end":{"line":428,"column":3}},"type":"if","locations":[{"start":{"line":426,"column":2},"end":{"line":428,"column":3}},{"start":{},"end":{}}],"line":426},"69":{"loc":{"start":{"line":426,"column":6},"end":{"line":426,"column":29}},"type":"binary-expr","locations":[{"start":{"line":426,"column":6},"end":{"line":426,"column":11}},{"start":{"line":426,"column":15},"end":{"line":426,"column":21}},{"start":{"line":426,"column":25},"end":{"line":426,"column":29}}],"line":426},"70":{"loc":{"start":{"line":436,"column":2},"end":{"line":438,"column":3}},"type":"if","locations":[{"start":{"line":436,"column":2},"end":{"line":438,"column":3}},{"start":{},"end":{}}],"line":436},"71":{"loc":{"start":{"line":436,"column":6},"end":{"line":436,"column":46}},"type":"binary-expr","locations":[{"start":{"line":436,"column":6},"end":{"line":436,"column":17}},{"start":{"line":436,"column":21},"end":{"line":436,"column":46}}],"line":436},"72":{"loc":{"start":{"line":451,"column":2},"end":{"line":451,"column":40}},"type":"if","locations":[{"start":{"line":451,"column":2},"end":{"line":451,"column":40}},{"start":{},"end":{}}],"line":451},"73":{"loc":{"start":{"line":457,"column":2},"end":{"line":459,"column":3}},"type":"if","locations":[{"start":{"line":457,"column":2},"end":{"line":459,"column":3}},{"start":{},"end":{}}],"line":457},"74":{"loc":{"start":{"line":465,"column":2},"end":{"line":467,"column":3}},"type":"if","locations":[{"start":{"line":465,"column":2},"end":{"line":467,"column":3}},{"start":{},"end":{}}],"line":465},"75":{"loc":{"start":{"line":480,"column":2},"end":{"line":483,"column":3}},"type":"if","locations":[{"start":{"line":480,"column":2},"end":{"line":483,"column":3}},{"start":{},"end":{}}],"line":480},"76":{"loc":{"start":{"line":484,"column":2},"end":{"line":487,"column":3}},"type":"if","locations":[{"start":{"line":484,"column":2},"end":{"line":487,"column":3}},{"start":{},"end":{}}],"line":484},"77":{"loc":{"start":{"line":488,"column":2},"end":{"line":491,"column":3}},"type":"if","locations":[{"start":{"line":488,"column":2},"end":{"line":491,"column":3}},{"start":{},"end":{}}],"line":488},"78":{"loc":{"start":{"line":492,"column":2},"end":{"line":495,"column":3}},"type":"if","locations":[{"start":{"line":492,"column":2},"end":{"line":495,"column":3}},{"start":{},"end":{}}],"line":492},"79":{"loc":{"start":{"line":496,"column":2},"end":{"line":499,"column":3}},"type":"if","locations":[{"start":{"line":496,"column":2},"end":{"line":499,"column":3}},{"start":{},"end":{}}],"line":496},"80":{"loc":{"start":{"line":496,"column":6},"end":{"line":496,"column":32}},"type":"binary-expr","locations":[{"start":{"line":496,"column":6},"end":{"line":496,"column":17}},{"start":{"line":496,"column":21},"end":{"line":496,"column":32}}],"line":496},"81":{"loc":{"start":{"line":500,"column":2},"end":{"line":503,"column":3}},"type":"if","locations":[{"start":{"line":500,"column":2},"end":{"line":503,"column":3}},{"start":{},"end":{}}],"line":500},"82":{"loc":{"start":{"line":500,"column":6},"end":{"line":500,"column":30}},"type":"binary-expr","locations":[{"start":{"line":500,"column":6},"end":{"line":500,"column":16}},{"start":{"line":500,"column":20},"end":{"line":50
[...]
end":{"line":125,"column":55}},"loc":{"start":{"line":125,"column":63},"end":{"line":131,"column":3}},"line":125},"5":{"name":"showRssPage","decl":{"start":{"line":144,"column":9},"end":{"line":144,"column":20}},"loc":{"start":{"line":144,"column":34},"end":{"line":246,"column":1}},"line":144},"6":{"name":"(anonymous_6)","decl":{"start":{"line":208,"column":24},"end":{"line":208,"column":25}},"loc":{"start":{"line":208,"column":30},"end":{"line":211,"column":9}},"line":208},"7":{"name":"resolveFontScale","decl":{"start":{"line":248,"column":9},"end":{"line":248,"column":25}},"loc":{"start":{"line":248,"column":50},"end":{"line":255,"column":1}},"line":248},"8":{"name":"resolveShowThumbnails","decl":{"start":{"line":257,"column":9},"end":{"line":257,"column":30}},"loc":{"start":{"line":257,"column":55},"end":{"line":266,"column":1}},"line":257},"9":{"name":"resolveShowQR","decl":{"start":{"line":268,"column":9},"end":{"line":268,"column":22}},"loc":{"start":{"line":268,"column":47},"end":{"line":277,"column":1}},"line":268},"10":{"name":"buildQrUrl","decl":{"start":{"line":279,"column":9},"end":{"line":279,"column":19}},"loc":{"start":{"line":279,"column":39},"end":{"line":281,"column":1}},"line":279},"11":{"name":"stripHtml","decl":{"start":{"line":283,"column":9},"end":{"line":283,"column":18}},"loc":{"start":{"line":283,"column":25},"end":{"line":287,"column":1}},"line":283},"12":{"name":"truncateWords","decl":{"start":{"line":289,"column":9},"end":{"line":289,"column":22}},"loc":{"start":{"line":289,"column":39},"end":{"line":293,"column":1}},"line":289},"13":{"name":"createRssStaticFallback","decl":{"start":{"line":295,"column":9},"end":{"line":295,"column":32}},"loc":{"start":{"line":295,"column":35},"end":{"line":307,"column":1}},"line":295},"14":{"name":"extractThumbnailFromXmlItem","decl":{"start":{"line":309,"column":9},"end":{"line":309,"column":36}},"loc":{"start":{"line":309,"column":45},"end":{"line":342,"column":1}},"line":309},"15":{"name":"extractFirstImageFromHtml","decl":{"start":{"line":344,"column":9},"end":{"line":344,"column":34}},"loc":{"start":{"line":344,"column":46},"end":{"line":352,"column":1}},"line":344}},"branchMap":{"0":{"loc":{"start":{"line":5,"column":38},"end":{"line":5,"column":47}},"type":"default-arg","locations":[{"start":{"line":5,"column":45},"end":{"line":5,"column":47}}],"line":5},"1":{"loc":{"start":{"line":5,"column":49},"end":{"line":5,"column":60}},"type":"default-arg","locations":[{"start":{"line":5,"column":58},"end":{"line":5,"column":60}}],"line":5},"2":{"loc":{"start":{"line":7,"column":2},"end":{"line":16,"column":3}},"type":"if","locations":[{"start":{"line":7,"column":2},"end":{"line":16,"column":3}},{"start":{},"end":{}}],"line":7},"3":{"loc":{"start":{"line":18,"column":19},"end":{"line":20,"column":8}},"type":"binary-expr","locations":[{"start":{"line":18,"column":19},"end":{"line":18,"column":36}},{"start":{"line":19,"column":7},"end":{"line":19,"column":31}},{"start":{"line":20,"column":7},"end":{"line":20,"column":8}}],"line":18},"4":{"loc":{"start":{"line":21,"column":25},"end":{"line":23,"column":11}},"type":"binary-expr","locations":[{"start":{"line":21,"column":25},"end":{"line":21,"column":44}},{"start":{"line":22,"column":7},"end":{"line":22,"column":33}},{"start":{"line":23,"column":7},"end":{"line":23,"column":11}}],"line":21},"5":{"loc":{"start":{"line":40,"column":19},"end":{"line":42,"column":9}},"type":"binary-expr","locations":[{"start":{"line":40,"column":19},"end":{"line":40,"column":32}},{"start":{"line":41,"column":7},"end":{"line":41,"column":27}},{"start":{"line":42,"column":7},"end":{"line":42,"column":9}}],"line":40},"6":{"loc":{"start":{"line":43,"column":16},"end":{"line":43,"column":51}},"type":"cond-expr","locations":[{"start":{"line":43,"column":32},"end":{"line":43,"column":40}},{"start":{"line":43,"column":43},"end":{"line":43,"column":51}}],"line":43},"7":{"loc":{"start":{"line":44,"column":20},"end":{"line":44,"column":36}},"type":"binary-expr","locations":[{"start":{"line":44,"column":20},"end":{"line":44,"column":30}},{"start":{"line":44,"column":34},"end":{"line":44,"column":36}}],"line":44},"8":{"loc":{"start":{"line":45,"column":2},"end":{"line":54,"column":3}},"type":"if","locations":[{"start":{"line":45,"column":2},"end":{"line":54,"column":3}},{"start":{},"end":{}}],"line":45},"9":{"loc":{"start":{"line":60,"column":13},"end":{"line":60,"column":57}},"type":"binary-expr","locations":[{"start":{"line":60,"column":13},"end":{"line":60,"column":23}},{"start":{"line":60,"column":27},"end":{"line":60,"column":43}},{"start":{"line":60,"column":47},"end":{"line":60,"column":57}}],"line":60},"10":{"loc":{"start":{"line":62,"column":14},"end":{"line":62,"column":34}},"type":"binary-expr","locations":[{"start":{"line":62,"column":14},"end":{"line":62,"column":25}},{"start":{"line":62,"column":29},"end":{"line":62,"column":34}}],"line":62},"11":{"loc":{"start":{"line":66,"column":14},"end":{"line":66,"column":32}},"type":"binary-expr","locations":[{"start":{"line":66,"column":14},"end":{"line":66,"column":25}},{"start":{"line":66,"column":29},"end":{"line":66,"column":32}}],"line":66},"12":{"loc":{"start":{"line":73,"column":34},"end":{"line":73,"column":43}},"type":"default-arg","locations":[{"start":{"line":73,"column":41},"end":{"line":73,"column":43}}],"line":73},"13":{"loc":{"start":{"line":73,"column":45},"end":{"line":73,"column":56}},"type":"default-arg","locations":[{"start":{"line":73,"column":54},"end":{"line":73,"column":56}}],"line":73},"14":{"loc":{"start":{"line":81,"column":20},"end":{"line":81,"column":87}},"type":"cond-expr","locations":[{"start":{"line":81,"column":47},"end":{"line":81,"column":57}},{"start":{"line":81,"column":61},"end":{"line":81,"column":86}}],"line":81},"15":{"loc":{"start":{"line":81,"column":61},"end":{"line":81,"column":86}},"type":"binary-expr","locations":[{"start":{"line":81,"column":61},"end":{"line":81,"column":78}},{"start":{"line":81,"column":82},"end":{"line":81,"column":86}}],"line":81},"16":{"loc":{"start":{"line":82,"column":23},"end":{"line":82,"column":56}},"type":"cond-expr","locations":[{"start":{"line":82,"column":31},"end":{"line":82,"column":46}},{"start":{"line":82,"column":49},"end":{"line":82,"column":56}}],"line":82},"17":{"loc":{"start":{"line":84,"column":6},"end":{"line":86,"column":7}},"type":"if","locations":[{"start":{"line":84,"column":6},"end":{"line":86,"column":7}},{"start":{},"end":{}}],"line":84},"18":{"loc":{"start":{"line":95,"column":30},"end":{"line":95,"column":55}},"type":"binary-expr","locations":[{"start":{"line":95,"column":30},"end":{"line":95,"column":50}},{"start":{"line":95,"column":54},"end":{"line":95,"column":55}}],"line":95},"19":{"loc":{"start":{"line":103,"column":2},"end":{"line":107,"column":3}},"type":"if","locations":[{"start":{"line":103,"column":2},"end":{"line":107,"column":3}},{"start":{},"end":{}}],"line":103},"20":{"loc":{"start":{"line":113,"column":30},"end":{"line":113,"column":46}},"type":"default-arg","locations":[{"start":{"line":113,"column":44},"end":{"line":113,"column":46}}],"line":113},"21":{"loc":{"start":{"line":116,"column":2},"end":{"line":118,"column":3}},"type":"if","locations":[{"start":{"line":116,"column":2},"end":{"line":118,"column":3}},{"start":{},"end":{}}],"line":116},"22":{"loc":{"start":{"line":121,"column":20},"end":{"line":121,"column":86}},"type":"binary-expr","locations":[{"start":{"line":121,"column":20},"end":{"line":121,"column":72}},{"start":{"line":121,"column":76},"end":{"line":121,"column":86}}],"line":121},"23":{"loc":{"start":{"line":122,"column":19},"end":{"line":122,"column":85}},"type":"binary-expr","locations":[{"start":{"line":122,"column":19},"end":{"line":122,"column":70}},{"start":{"line":122,"column":74},"end":{"line":122,"column":85}}],"line":122},"24":{"loc":{"start":{"line":123,"column":26},"end":{"line":123,"column":90}},"type":"binary-expr","locations":[{"start":{"line":123,"column":26},"end":{"line":123,"column":84}},{"start":{"line":123,"column":88},"end":{"line":123,"column":90}}],"line":123},"25":{"loc":{"start":{"line":126,"column":11},"end":{"line":126,"column":75}},"type":"binary-expr","locations":[{"start":{"line":126,"column":11},"end":{"line":126,"column":59}},{"start":{"line":126,"column":63},"end":{"line":126,"column":75}}],"line":126},"26":{"loc":{"start":{"line":127,"column":10},"end":{"line":127,"column":63}},"type":"binary-expr","locations":[{"start":{"line":127,"column":10},"end":{"line":127,"column":57}},{"start":{"line":127,"column":61},"end":{"line":127,"column":63}}],"line":127},"27":{"loc":{"start":{"line":128,"column":13},"end":{"line":128,"column":69}},"type":"binary-expr","locations":[{"start":{"line":128,"column":13},"end":{"line":128,"column":63}},{"start":{"line":128,"column":67},"end":{"line":128,"column":69}}],"line":128},"28":{"loc":{"start":{"line":129,"column":20},"end":{"line":129,"column":80}},"type":"binary-expr","locations":[{"start":{"line":129,"column":20},"end":{"line":129,"column":74}},{"start":{"line":129,"column":78},"end":{"line":129,"column":80}}],"line":129},"29":{"loc":{"start":{"line":149,"column":53},"end":{"line":149,"column":72}},"type":"binary-expr","locations":[{"start":{"line":149,"column":53},"end":{"line":149,"column":67}},{"start":{"line":149,"column":71},"end":{"line":149,"column":72}}],"line":149},"30":{"loc":{"start":{"line":171,"column":2},"end":{"line":185,"column":3}},"type":"if","locations":[{"start":{"line":171,"column":2},"end":{"line":185,"column":3}},{"start":{},"end":{}}],"line":171},"31":{"loc":{"start":{"line":198,"column":4},"end":{"line":218,"column":5}},"type":"if","locations":[{"start":{"line":198,"column":4},"end":{"line":218,"column":5}},{"start":{},"end":{}}],"line":198},"32":{"loc":{"start":{"line":202,"column":6},"end":{"line":215,"column":7}},"type":"if","locations":[{"start":{"line":202,"column":6},"end":{"line":215,"column":7}},{"start":{"line":213,"column":13},"end":{"line":215,"column":7}}],"line":202},"33":{"loc":{"start":{"line":206,"column":20},"end":{"line":206,"column":85}},"type":"cond-expr","locations":[{"start":{"line":206,"column":33},"end":{"line":206,"column":62}},{"start":{"line":206,"column":65},"end":{"line":206,"column":85}}],"line":206},"34":{"loc":{"start":{"line":222,"column":20},"end":{"line":222,"column":46}},"type":"binary-expr","locations":[{"start":{"line":222,"column":20},"end":{"line":222,"column":30}},{"start":{"line":222,"column":34},"end":{"line":222,"column":46}}],"line":222},"35":{"loc":{"start":{"line":226,"column":20},"end":{"line":226,"column":38}},"type":"binary-expr","locations":[{"start":{"line":226,"column":20},"end":{"line":226,"column":32}},{"start":{"line":226,"column":36},"end":{"line":226,"column":38}}],"line":226},"36":{"loc":{"start":{"line":232,"column":44},"end":{"line":232,"column":69}},"type":"binary-expr","locations":[{"start":{"line":232,"column":44},"end":{"line":232,"column":63}},{"start":{"line":232,"column":67},"end":{"line":232,"column":69}}],"line":232},"37":{"loc":{"start":{"line":233,"column":4},"end":{"line":238,"column":5}},"type":"if","locations":[{"start":{"line":233,"column":4},"end":{"line":238,"column":5}},{"start":{},"end":{}}],"line":233},"38":{"loc":{"start":{"line":248,"column":26},"end":{"line":248,"column":35}},"type":"default-arg","locations":[{"start":{"line":248,"column":33},"end":{"line":248,"column":35}}],"line":248},"39":{"loc":{"start":{"line":248,"column":37},"end":{"line":248,"column":48}},"type":"default-arg","locations":[{"start":{"line":248,"column":46},"end":{"line":248,"column":48}}],"line":248},"40":{"loc":{"start":{"line":249,"column":14},"end":{"line":251,"column":8}},"type":"binary-expr","locations":[{"start":{"line":249,"column":14},"end":{"line":249,"column":28}},{"start":{"line":250,"column":7},"end":{"line":250,"column":28}},{"start":{"line":251,"column":7},"end":{"line":251,"column":8}}],"line":249},"41":{"loc":{"start":{"line":254,"column":9},"end":{"line":254,"column":56}},"type":"cond-expr","locations":[{"start":{"line":254,"column":47},"end":{"line":254,"column":52}},{"start":{"line":254,"column":55},"end":{"line":254,"column":56}}],"line":254},"42":{"loc":{"start":{"line":254,"column":9},"end":{"line":254,"column":44}},"type":"binary-expr","locations":[{"start":{"line":254,"column":9},"end":{"line":254,"column":31}},{"start":{"line":254,"column":35},"end":{"line":254,"column":44}}],"line":254},"43":{"loc":{"start":{"line":257,"column":31},"end":{"line":257,"column":40}},"type":"default-arg","locations":[{"start":{"line":257,"column":38},"end":{"line":257,"column":40}}],"line":257},"44":{"loc":{"start":{"line":257,"column":42},"end":{"line":257,"column":53}},"type":"default-arg","locations":[{"start":{"line":257,"column":51},"end":{"line":257,"column":53}}],"line":257},"45":{"loc":{"start":{"line":258,"column":14},"end":{"line":259,"column":33}},"type":"binary-expr","locations":[{"start":{"line":258,"column":14},"end":{"line":258,"column":33}},{"start":{"line":259,"column":7},"end":{"line":259,"column":33}}],"line":258},"46":{"loc":{"start":{"line":261,"column":2},"end":{"line":263,"column":3}},"type":"if","locations":[{"start":{"line":261,"column":2},"end":{"line":263,"column":3}},{"start":{},"end":{}}],"line":261},"47":{"loc":{"start":{"line":268,"column":23},"end":{"line":268,"column":32}},"type":"default-arg","locations":[{"start":{"line":268,"column":30},"end":{"line":268,"column":32}}],"line":268},"48":{"loc":{"start":{"line":268,"column":34},"end":{"line":268,"column":45}},"type":"default-arg","locations":[{"start":{"line":268,"column":43},"end":{"line":268,"column":45}}],"line":268},"49":{"loc":{"start":{"line":269,"column":14},"end":{"line":270,"column":25}},"type":"binary-expr","locations":[{"start":{"line":269,"column":14},"end":{"line":269,"column":25}},{"start":{"line":270,"column":7},"end":{"line":270,"column":25}}],"line":269},"50":{"loc":{"start":{"line":272,"column":2},"end":{"line":274,"column":3}},"type":"if","locations":[{"start":{"line":272,"column":2},"end":{"line":274,"column":3}},{"start":{},"end":{}}],"line":272},"51":{"loc":{"start":{"line":279,"column":27},"end":{"line":279,"column":37}},"type":"default-arg","locations":[{"start":{"line":279,"column":34},"end":{"line":279,"column":37}}],"line":279},"52":{"loc":{"start":{"line":286,"column":9},"end":{"line":286,"column":47}},"type":"binary-expr","locations":[{"start":{"line":286,"column":9},"end":{"line":286,"column":24}},{"start":{"line":286,"column":28},"end":{"line":286,"column":41}},{"start":{"line":286,"column":45},"end":{"line":286,"column":47}}],"line":286},"53":{"loc":{"start":{"line":291,"column":2},"end":{"line":291,"column":51}},"type":"if","locations":[{"start":{"line":291,"column":2},"end":{"line":291,"column":51}},{"start":{},"end":{}}],"line":291},"54":{"loc":{"start":{"line":312,"column":2},"end":{"line":314,"column":3}},"type":"if","locations":[{"start":{"line":312,"column":2},"end":{"line":314,"column":3}},{"start":{},"end":{}}],"line":312},"55":{"loc":{"start":{"line":318,"column":2},"end":{"line":320,"column":3}},"type":"if","locations":[{"start":{"line":318,"column":2},"end":{"line":320,"column":3}},{"start":{},"end":{}}],"line":318},"56":{"loc":{"start":{"line":323,"column":24},"end":{"line":323,"column":76}},"type":"binary-expr","locations":[{"start":{"line":323,"column":24},"end":{"line":323,"column":70}},{"start":{"line":323,"column":74},"end":{"line":323,"column":76}}],"line":323},"57":{"loc":{"start":{"line":324,"column":23},"end":{"line":324,"column":67}},"type":"binary-expr","locations":[{"start":{"line":324,"column":23},"end":{"line":324,"column":61}},{"start":{"line":324,"column":65},"end":{"line":324,"column":67}}],"line":324},"58":{"loc":{"start":{"line":325,"column":2},"end":{"line":327,"column":3}},"type":"if","locations":[{"start":{"line":325,"column":2},"end":{"line":327,"column":3}},{"start":{},"end":{}}],"line":325},"59":{"loc":{"start":{"line":325,"column":6},"end":{"line":325,"column":56}},"type":"binary-expr","locations":[{"start":{"line":325,"column":6},"end":{"line":325,"column":18}},{"start":{"line":325,"column":22},"end":{"line":325,"column":56}}],"line":325},"60":{"loc":{"start":{"line":329,"column":26},"end":{"line":329,"column":80}},"type":"binary-expr","locations":[{"start":{"line":329,"column":26},"end":{"line":329,"column":74}},{"start":{"line":329,"column":78},"end":{"line":329,"column":80}}],"line":329},"61":{"loc":{"start":{"line":331,"column":2},"end":{"line":333,"column":3}},"type":"if","locations":[{"start":{"line":331,"column":2},"end":{"line":333,"column":3}},{"start":{},"end":{}}],"line":331},"62":{"loc":{"start":{"line":335,"column":22},"end":{"line":335,"column":82}},"type":"binary-expr","locations":[{"start":{"line":335,"column":22},"end":{"line":335,"column":76}},{"start":{"line":335,"column":80},"end":{"line":335,"column":82}}],"line":335},"63":{"loc":{"start":{"line":337,"column":2},"end":{"line":339,"column":3}},"type":"if","locations":[{"start":{"line":337,"column":2},"end":{"line":339,"column":3}},{"start":{},"end":{}}],"line":337},"64":{"loc":{"start":{"line":344,"column":35},"end":{"line":344,"column":44}},"type":"default-arg","locations":[{"start":{"line":344,"column":42},"end":{"line":344,"column":44}}],"line":344},"65":{"loc":{"start":{"line":345,"column":2},"end":{"line":347,"column":3}},"type":"if","locations":[{"start":{"line":345,"column":2},"end":{"line":347,"column":3}},{"start":{},"end":{}}],"line":345},"66":{"loc":{"start":{"line":351,"column":9},"end":{"line":351,"column":18}},"type":"binary-expr","locations":[{"start":{"line":351,"column":9},"end":{"line":351,"column":12}},{"start":{"line":351,"column":16},"end":{"line":351,"column":18}}],"line":351}},"s":{"0":0,"1":0,"2":0,"3":0,"4":0,"5":0,"6":0,"7":0,"8":0,"9":0,"10":0,"11":0,"12":0,"13":0,"14":0,"15":0,"16":0,"17":0,"18":0,"19":0,"20":0,"21":0,"22":0,"23":0,"24":0,"25":0,"26":0,"27":0,"28":0,"29":0,"30":0,"31":0,"32":0,"33":0,"34":0,"35":0,"36":0,"37":0,"38":0,"39":0,"40":0,"41":0,"42":0,"43":0,"44":0,"45":0,"46":0,"47":0,"48":0,"49":0,"50":0,"51":0,"52":0,"53":0,"54":0,"55":0,"56":0,"57":0,"58":0,"59":0,"60":0,"61":0,"62":0,"63":0,"64":0,"65":0,"66":0,"67":0,"68":0,"69":0,"70":0,"71":0,"72":0,"73":0,"74":0,"75":0,"76":0,"77":0,"78":0,"79":0,"80":0,"81":0,"82":0,"83":0,"84":0,"85":0,"86":0,"87":0,"88":0,"89":0,"90":0,"91":0,"92":0,"93":0,"94":0,"95":0,"96":0,"97":0,"98":0,"99":0,"100":0,"101":0,"102":0,"103":0,"104":0,"105":0,"106":0,"107":0,"108":0,"109":0,"110":0,"111":0,"112":0,"113":0,"114":0,"115":0,"116":0,"117":0,"118":0,"119":0,"120":0,"121":0,"122":0,"123":0,"124":0,"125":0,"126":0,"127":0,"128":0,"129":0,"130":0,"131":0,"132":0,"133":0,"134":0,"135":0,"136":0,"137":0,"138":0,"139":0,"140":0,"141":0,"142":0,"143":0,"144":0,"145":0,"146":0,"147":0,"148":0,"149":0,"150":0,"151":0,"152":0,"153":0,"154":0,"155":0,"156":0,"157":0,"158":0,"159":0,"160":0,"161":0,"162":0,"163":0,"164":0,"165":0,"166":0,"167":0,"168":0,"169":0,"170":0,"171":0,"172":0,"173":0,"174":0,"175":0,"176":0,"177":0,"178":0,"179":0,"180":0,"181":0,"182":0,"183":0,"184":0,"185":0,"186":0},"f":{"0":0,"1":0,"2":0,"3":0,"4":0,"5":0,"6":0,"7":0,"8":0,"9":0,"10":0,"11":0,"12":0,"13":0,"14":0,"15":0},"b":{"0":[0],"1":[0],"2":[0,0],"3":[0,0,0],"4":[0,0,0],"5":[0,0,0],"6":[0,0],"7":[0,0],"8":[0,0],"9":[0,0,0],"10":[0,0],"11":[0,0],"12":[0],"13":[0],"14":[0,0],"15":[0,0],"16":[0,0],"17":[0,0],"18":[0,0],"19":[0,0],"20":[0],"21":[0,0],"22":[0,0],"23":[0,0],"24":[0,0],"25":[0,0],"26":[0,0],"27":[0,0],"28":[0,0],"29":[0,0],"30":[0,0],"31":[0,0],"32":[0,0],"33":[0,0],"34":[0,0],"35":[0,0],"36":[0,0],"37":[0,0],"38":[0],"39":[0],"40":[0,0,0],"41":[0,0],"42":[0,0],"43":[0],"44":[0],"45":[0,0],"46":[0,0],"47":[0],"48":[0],"49":[0,0],"50":[0,0],"51":[0],"52":[0,0,0],"53":[0,0],"54":[0,0],"55":[0,0],"56":[0,0],"57":[0,0],"58":[0,0],"59":[0,0],"60":[0,0],"61":[0,0],"62":[0,0],"63":[0,0],"64":[0],"65":[0,0],"66":[0,0]}}
}
