TN:
SF:widgets/clock.js
FN:5,create
FN:22,startClock
FN:38,drawStaticClock
FN:44,drawClock
FN:50,drawFace
FN:71,drawNumbers
FN:87,drawTicks
FN:105,drawTime
FN:127,drawHand
FNF:9
FNH:0
FNDA:0,create
FNDA:0,startClock
FNDA:0,drawStaticClock
FNDA:0,drawClock
FNDA:0,drawFace
FNDA:0,drawNumbers
FNDA:0,drawTicks
FNDA:0,drawTime
FNDA:0,drawHand
DA:3,0
DA:6,0
DA:7,0
DA:8,0
DA:10,0
DA:11,0
DA:12,0
DA:13,0
DA:14,0
DA:15,0
DA:17,0
DA:18,0
DA:19,0
DA:23,0
DA:24,0
DA:25,0
DA:26,0
DA:27,0
DA:29,0
DA:30,0
DA:31,0
DA:32,0
DA:34,0
DA:35,0
DA:36,0
DA:39,0
DA:40,0
DA:41,0
DA:45,0
DA:46,0
DA:47,0
DA:51,0
DA:52,0
DA:53,0
DA:54,0
DA:56,0
DA:57,0
DA:58,0
DA:59,0
DA:61,0
DA:62,0
DA:63,0
DA:65,0
DA:66,0
DA:67,0
DA:68,0
DA:72,0
DA:73,0
DA:74,0
DA:75,0
DA:76,0
DA:77,0
DA:78,0
DA:79,0
DA:80,0
DA:81,0
DA:82,0
DA:83,0
DA:88,0
DA:89,0
DA:90,0
DA:91,0
DA:93,0
DA:94,0
DA:95,0
DA:96,0
DA:97,0
DA:98,0
DA:99,0
DA:100,0
DA:101,0
DA:106,0
DA:107,0
DA:108,0
DA:109,0
DA:112,0
DA:113,0
DA:114,0
DA:116,0
DA:117,0
DA:118,0
DA:120,0
DA:121,0
DA:123,0
DA:124,0
DA:128,0
DA:129,0
DA:130,0
DA:131,0
DA:132,0
DA:133,0
DA:134,0
DA:135,0
DA:136,0
DA:137,0
DA:138,0
DA:139,0
DA:140,0
DA:141,0
LF:99
LH:0
BRDA:6,0,0,0
BRDA:6,0,1,0
BRDA:7,1,0,0
BRDA:7,1,1,0
BRDA:13,2,0,0
BRDA:13,2,1,0
BRDA:96,3,0,0
BRDA:96,3,1,0
BRDA:97,4,0,0
BRDA:97,4,1,0
BRF:10
BRH:0
end_of_record
TN:
SF:widgets/daydate.js
FN:5,create
FN:20,update
FNF:2
FNH:0
FNDA:0,create
FNDA:0,update
DA:3,0
DA:6,0
DA:7,0
DA:9,0
DA:10,0
DA:12,0
DA:13,0
DA:15,0
DA:17,0
DA:18,0
DA:21,0
DA:23,0
DA:28,0
DA:35,0
DA:36,0
DA:38,0
LF:16
LH:0
BRDA:6,0,0,0
BRDA:6,0,1,0
BRDA:17,1,0,0
BRDA:17,1,1,0
BRDA:18,2,0,0
BRDA:18,2,1,0
BRF:6
BRH:0
end_of_record
TN:
SF:widgets/moon.js
FN:9,create
FN:30,render
FN:37,(anonymous_2)
FN:61,calculateFrameNumber
FN:74,calculateMoonAge
FN:80,formatDate
FN:88,positiveModulo
FNF:7
FNH:0
FNDA:0,create
FNDA:0,render
FNDA:0,(anonymous_2)
FNDA:0,calculateFrameNumber
FNDA:0,calculateMoonAge
FNDA:0,formatDate
FNDA:0,positiveModulo
DA:3,0
DA:5,0
DA:6,0
DA:7,0
DA:10,0
DA:12,0
DA:13,0
DA:14,0
DA:16,0
DA:17,0
DA:18,0
DA:20,0
DA:21,0
DA:22,0
DA:24,0
DA:25,0
DA:26,0
DA:28,0
DA:31,0
DA:32,0
DA:33,0
DA:34,0
DA:36,0
DA:37,0
DA:38,0
DA:39,0
DA:40,0
DA:47,0
DA:48,0
DA:50,0
DA:51,0
DA:52,0
DA:55,0
DA:56,0
DA:58,0
DA:63,0
DA:64,0
DA:67,0
DA:71,0
DA:75,0
DA:76,0
DA:77,0
DA:81,0
DA:82,0
DA:83,0
DA:84,0
DA:85,0
DA:89,0
DA:90,0
LF:49
LH:0
BRDA:10,0,0,0
BRDA:10,0,1,0
BRDA:56,1,0,0
BRDA:56,1,1,0
BRDA:90,2,0,0
BRDA:90,2,1,0
BRF:6
BRH:0
end_of_record
TN:
SF:widgets/playlist.js
FN:12,create
FN:37,playNext
FN:76,getItemTypeLabel
FNF:3
FNH:0
FNDA:0,create
FNDA:0,playNext
FNDA:0,getItemTypeLabel
DA:5,0
DA:7,0
DA:13,0
DA:15,0
DA:16,0
DA:17,0
DA:19,0
DA:20,0
DA:22,0
DA:24,0
DA:25,0
DA:26,0
DA:32,0
DA:35,0
DA:38,0
DA:39,0
DA:40,0
DA:41,0
DA:43,0
DA:44,0
DA:45,0
DA:51,0
DA:52,0
DA:53,0
DA:56,0
DA:57,0
DA:59,0
DA:68,0
DA:69,0
DA:72,0
DA:73,0
DA:77,0
DA:81,0
LF:33
LH:0
BRDA:13,0,0,0
BRDA:13,0,1,0
BRDA:24,1,0,0
BRDA:24,1,1,0
BRDA:25,2,0,0
BRDA:25,2,1,0
BRDA:44,3,0,0
BRDA:44,3,1,0
BRDA:44,4,0,0
BRDA:44,4,1,0
BRDA:47,5,0,0
BRDA:47,5,1,0
BRDA:81,6,0,0
BRDA:81,6,1,0
BRF:14
BRH:0
end_of_record
TN:
SF:widgets/qotd.js
FN:5,create
FN:18,load
FN:24,(anonymous_2)
FN:26,(anonymous_3)
FNF:4
FNH:0
FNDA:0,create
FNDA:0,load
FNDA:0,(anonymous_2)
FNDA:0,(anonymous_3)
DA:3,0
DA:6,0
DA:8,0
DA:9,0
DA:11,0
DA:12,0
DA:14,0
DA:16,0
DA:19,0
DA:20,0
DA:21,0
DA:23,0
DA:24,0
DA:26,0
DA:28,0
DA:29,0
DA:30,0
DA:32,0
DA:33,0
DA:36,0
DA:37,0
DA:41,0
DA:43,0
LF:23
LH:0
BRDA:6,0,0,0
BRDA:6,0,1,0
BRDA:16,1,0,0
BRDA:16,1,1,0
BRDA:21,2,0,0
BRDA:21,2,1,0
BRDA:26,3,0,0
BRDA:26,3,1,0
BRDA:28,4,0,0
BRDA:28,4,1,0
BRF:10
BRH:0
end_of_record
TN:
SF:widgets/time.js
FN:5,create
FN:16,update
FNF:2
FNH:0
FNDA:0,create
FNDA:0,update
DA:3,0
DA:6,0
DA:7,0
DA:8,0
DA:9,0
DA:10,0
DA:11,0
DA:13,0
DA:14,0
DA:17,0
DA:18,0
DA:25,0
DA:34,0
DA:35,0
DA:36,0
LF:15
LH:0
BRDA:6,0,0,0
BRDA:6,0,1,0
BRDA:13,1,0,0
BRDA:13,1,1,0
BRDA:14,2,0,0
BRDA:14,2,1,0
BRF:6
BRH:0
end_of_record
TN:
SF:widgets/utils.js
FN:1,createCard
FN:15,wait
FN:16,(anonymous_2)
FN:19,escapeHtml
FN:25,reportWidgetError
FNF:5
FNH:0
FNDA:0,createCard
FNDA:0,wait
FNDA:0,(anonymous_2)
FNDA:0,escapeHtml
FNDA:0,reportWidgetError
DA:2,0
DA:3,0
DA:5,0
DA:6,0
DA:7,0
DA:8,0
DA:9,0
DA:12,0
DA:16,0
DA:20,0
DA:21,0
DA:22,0
DA:26,0
DA:27,0
DA:28,0
DA:30,0
DA:33,0
DA:35,0
DA:36,0
DA:37,0
DA:40,0
LF:21
LH:0
BRDA:5,0,0,0
BRDA:5,0,1,0
BRDA:21,1,0,0
BRDA:21,1,1,0
BRDA:25,2,0,0
BRDA:25,3,0,0
BRDA:25,4,0,0
BRDA:26,5,0,0
BRDA:26,5,1,0
BRDA:27,6,0,0
BRDA:27,6,1,0
BRDA:33,7,0,0
BRDA:33,7,1,0
BRDA:35,8,0,0
BRDA:35,8,1,0
BRF:15
BRH:0
end_of_record
TN:
SF:widgets/weather.js
FN:5,create
FN:90,load
FN:160,init
FN:170,(anonymous_3)
FN:186,(anonymous_4)
FN:197,resolveCoordinates
FN:222,getCurrentPosition
FN:223,(anonymous_7)
FN:232,resolveLocationLabel
FN:270,firstNonEmpty
FN:279,normalizeCountryCode
FN:292,formatCoordinateLabel
FN:296,toFiniteNumber
FN:301,formatTrend
FN:318,formatSignedDecimal
FN:328,calculateWindChill
FN:350,convertWindSpeed
FN:368,toMetersPerSecond
FN:376,normalizeWindSpeedUnit
FN:382,windSpeedUnitLabelText
FN:392,renderForecast
FN:420,dayLabel
FN:435,degreesToCompass
FN:445,clamp
FN:449,hpaToInhg
FN:455,formatRounded
FN:463,formatDecimal
FN:471,formatTemperature
FN:476,weatherCodeToIcon
FN:478,(anonymous_29)
FN:537,weatherCodeToText
FNF:31
FNH:0
FNDA:0,create
FNDA:0,load
FNDA:0,init
FNDA:0,(anonymous_3)
FNDA:0,(anonymous_4)
FNDA:0,resolveCoordinates
FNDA:0,getCurrentPosition
FNDA:0,(anonymous_7)
FNDA:0,resolveLocationLabel
FNDA:0,firstNonEmpty
FNDA:0,normalizeCountryCode
FNDA:0,formatCoordinateLabel
FNDA:0,toFiniteNumber
FNDA:0,formatTrend
FNDA:0,formatSignedDecimal
FNDA:0,calculateWindChill
FNDA:0,convertWindSpeed
FNDA:0,toMetersPerSecond
FNDA:0,normalizeWindSpeedUnit
FNDA:0,windSpeedUnitLabelText
FNDA:0,renderForecast
FNDA:0,dayLabel
FNDA:0,degreesToCompass
FNDA:0,clamp
FNDA:0,hpaToInhg
FNDA:0,formatRounded
FNDA:0,formatDecimal
FNDA:0,formatTemperature
FNDA:0,weatherCodeToIcon
FNDA:0,(anonymous_29)
FNDA:0,weatherCodeToText
DA:3,0
DA:6,0
DA:8,0
DA:9,0
DA:11,0
DA:12,0
DA:13,0
DA:15,0
DA:16,0
DA:17,0
DA:19,0
DA:21,0
DA:22,0
DA:23,0
DA:25,0
DA:26,0
DA:27,0
DA:29,0
DA:30,0
DA:31,0
DA:33,0
DA:34,0
DA:36,0
DA:37,0
DA:38,0
DA:40,0
DA:41,0
DA:42,0
DA:44,0
DA:45,0
DA:46,0
DA:48,0
DA:49,0
DA:51,0
DA:52,0
DA:53,0
DA:55,0
DA:56,0
DA:58,0
DA:59,0
DA:60,0
DA:62,0
DA:63,0
DA:65,0
DA:66,0
DA:67,0
DA:68,0
DA:70,0
DA:71,0
DA:72,0
DA:73,0
DA:74,0
DA:75,0
DA:76,0
DA:77,0
DA:78,0
DA:79,0
DA:80,0
DA:81,0
DA:84,0
DA:85,0
DA:87,0
DA:88,0
DA:91,0
DA:92,0
DA:93,0
DA:94,0
DA:95,0
DA:96,0
DA:97,0
DA:98,0
DA:99,0
DA:100,0
DA:102,0
DA:103,0
DA:104,0
DA:107,0
DA:108,0
DA:110,0
DA:111,0
DA:112,0
DA:114,0
DA:115,0
DA:116,0
DA:117,0
DA:118,0
DA:121,0
DA:122,0
DA:123,0
DA:124,0
DA:125,0
DA:127,0
DA:133,0
DA:135,0
DA:143,0
DA:150,0
DA:151,0
DA:152,0
DA:153,0
DA:154,0
DA:155,0
DA:156,0
DA:161,0
DA:162,0
DA:169,0
DA:170,0
DA:171,0
DA:174,0
DA:176,0
DA:182,0
DA:183,0
DA:186,0
DA:187,0
DA:188,0
DA:193,0
DA:194,0
DA:198,0
DA:199,0
DA:200,0
DA:201,0
DA:211,0
DA:212,0
DA:219,0
DA:223,0
DA:224,0
DA:233,0
DA:234,0
DA:235,0
DA:236,0
DA:237,0
DA:239,0
DA:240,0
DA:241,0
DA:244,0
DA:245,0
DA:251,0
DA:252,0
DA:254,0
DA:255,0
DA:257,0
DA:258,0
DA:260,0
DA:261,0
DA:267,0
DA:271,0
DA:272,0
DA:273,0
DA:276,0
DA:280,0
DA:281,0
DA:284,0
DA:285,0
DA:286,0
DA:289,0
DA:293,0
DA:297,0
DA:298,0
DA:302,0
DA:303,0
DA:306,0
DA:307,0
DA:308,0
DA:311,0
DA:312,0
DA:315,0
DA:319,0
DA:320,0
DA:321,0
DA:324,0
DA:325,0
DA:329,0
DA:330,0
DA:333,0
DA:334,0
DA:335,0
DA:336,0
DA:339,0
DA:342,0
DA:343,0
DA:344,0
DA:347,0
DA:351,0
DA:352,0
DA:353,0
DA:356,0
DA:357,0
DA:358,0
DA:361,0
DA:362,0
DA:363,0
DA:364,0
DA:365,0
DA:369,0
DA:370,0
DA:371,0
DA:372,0
DA:373,0
DA:377,0
DA:378,0
DA:379,0
DA:383,0
DA:389,0
DA:393,0
DA:395,0
DA:396,0
DA:399,0
DA:400,0
DA:401,0
DA:403,0
DA:404,0
DA:405,0
DA:407,0
DA:408,0
DA:409,0
DA:411,0
DA:412,0
DA:413,0
DA:415,0
DA:416,0
DA:421,0
DA:422,0
DA:425,0
DA:426,0
DA:427,0
DA:431,0
DA:432,0
DA:436,0
DA:437,0
DA:440,0
DA:441,0
DA:442,0
DA:446,0
DA:450,0
DA:451,0
DA:452,0
DA:456,0
DA:457,0
DA:458,0
DA:460,0
DA:464,0
DA:465,0
DA:466,0
DA:468,0
DA:472,0
DA:473,0
DA:478,0
DA:480,0
DA:482,0
DA:484,0
DA:486,0
DA:488,0
DA:490,0
DA:492,0
DA:494,0
DA:496,0
DA:498,0
DA:500,0
DA:502,0
DA:504,0
DA:506,0
DA:508,0
DA:510,0
DA:512,0
DA:514,0
DA:516,0
DA:518,0
DA:520,0
DA:522,0
DA:524,0
DA:526,0
DA:528,0
DA:530,0
DA:534,0
DA:538,0
DA:553,0
LF:275
LH:0
BRDA:6,0,0,0
BRDA:6,0,1,0
BRDA:72,1,0,0
BRDA:72,1,1,0
BRDA:74,2,0,0
BRDA:74,2,1,0
BRDA:75,3,0,0
BRDA:75,3,1,0
BRDA:76,4,0,0
BRDA:76,4,1,0
BRDA:79,5,0,0
BRDA:79,5,1,0
BRDA:80,6,0,0
BRDA:80,6,1,0
BRDA:80,7,0,0
BRDA:80,7,1,0
BRDA:81,8,0,0
BRDA:81,8,1,0
BRDA:103,9,0,0
BRDA:103,9,1,0
BRDA:108,10,0,0
BRDA:108,10,1,0
BRDA:117,11,0,0
BRDA:117,11,1,0
BRDA:122,12,0,0
BRDA:122,12,1,0
BRDA:123,13,0,0
BRDA:123,13,1,0
BRDA:133,14,0,0
BRDA:133,14,1,0
BRDA:137,15,0,0
BRDA:137,15,1,0
BRDA:138,16,0,0
BRDA:138,16,1,0
BRDA:139,17,0,0
BRDA:139,17,1,0
BRDA:140,18,0,0
BRDA:140,18,1,0
BRDA:187,19,0,0
BRDA:187,19,1,0
BRDA:198,20,0,0
BRDA:198,20,1,0
BRDA:198,21,0,0
BRDA:198,21,1,0
BRDA:211,22,0,0
BRDA:211,22,1,0
BRDA:211,23,0,0
BRDA:211,23,1,0
BRDA:240,24,0,0
BRDA:240,24,1,0
BRDA:249,25,0,0
BRDA:249,25,1,0
BRDA:249,25,2,0
BRDA:249,25,3,0
BRDA:252,26,0,0
BRDA:252,26,1,0
BRDA:254,27,0,0
BRDA:254,27,1,0
BRDA:254,28,0,0
BRDA:254,28,1,0
BRDA:257,29,0,0
BRDA:257,29,1,0
BRDA:260,30,0,0
BRDA:260,30,1,0
BRDA:272,31,0,0
BRDA:272,31,1,0
BRDA:272,32,0,0
BRDA:272,32,1,0
BRDA:280,33,0,0
BRDA:280,33,1,0
BRDA:285,34,0,0
BRDA:285,34,1,0
BRDA:298,35,0,0
BRDA:298,35,1,0
BRDA:302,36,0,0
BRDA:302,36,1,0
BRDA:302,37,0,0
BRDA:302,37,1,0
BRDA:307,38,0,0
BRDA:307,38,1,0
BRDA:311,39,0,0
BRDA:311,39,1,0
BRDA:320,40,0,0
BRDA:320,40,1,0
BRDA:325,41,0,0
BRDA:325,41,1,0
BRDA:329,42,0,0
BRDA:329,42,1,0
BRDA:329,43,0,0
BRDA:329,43,1,0
BRDA:333,44,0,0
BRDA:333,44,1,0
BRDA:335,45,0,0
BRDA:335,45,1,0
BRDA:335,46,0,0
BRDA:335,46,1,0
BRDA:343,47,0,0
BRDA:343,47,1,0
BRDA:343,48,0,0
BRDA:343,48,1,0
BRDA:352,49,0,0
BRDA:352,49,1,0
BRDA:357,50,0,0
BRDA:357,50,1,0
BRDA:361,51,0,0
BRDA:361,51,1,0
BRDA:362,52,0,0
BRDA:362,52,1,0
BRDA:363,53,0,0
BRDA:363,53,1,0
BRDA:364,54,0,0
BRDA:364,54,1,0
BRDA:369,55,0,0
BRDA:369,55,1,0
BRDA:370,56,0,0
BRDA:370,56,1,0
BRDA:371,57,0,0
BRDA:371,57,1,0
BRDA:372,58,0,0
BRDA:372,58,1,0
BRDA:378,59,0,0
BRDA:378,59,1,0
BRDA:379,60,0,0
BRDA:379,60,1,0
BRDA:389,61,0,0
BRDA:389,61,1,0
BRDA:395,62,0,0
BRDA:395,62,1,0
BRDA:395,63,0,0
BRDA:395,63,1,0
BRDA:409,64,0,0
BRDA:409,64,1,0
BRDA:413,65,0,0
BRDA:413,65,1,0
BRDA:413,66,0,0
BRDA:413,66,1,0
BRDA:421,67,0,0
BRDA:421,67,1,0
BRDA:426,68,0,0
BRDA:426,68,1,0
BRDA:426,69,0,0
BRDA:426,69,1,0
BRDA:426,69,2,0
BRDA:436,70,0,0
BRDA:436,70,1,0
BRDA:436,71,0,0
BRDA:436,71,1,0
BRDA:451,72,0,0
BRDA:451,72,1,0
BRDA:457,73,0,0
BRDA:457,73,1,0
BRDA:465,74,0,0
BRDA:465,74,1,0
BRDA:480,75,0,0
BRDA:480,75,1,0
BRDA:484,76,0,0
BRDA:484,76,1,0
BRDA:488,77,0,0
BRDA:488,77,1,0
BRDA:492,78,0,0
BRDA:492,78,1,0
BRDA:496,79,0,0
BRDA:496,79,1,0
BRDA:496,80,0,0
BRDA:496,80,1,0
BRDA:500,81,0,0
BRDA:500,81,1,0
BRDA:500,82,0,0
BRDA:500,82,1,0
BRDA:504,83,0,0
BRDA:504,83,1,0
BRDA:504,84,0,0
BRDA:504,84,1,0
BRDA:508,85,0,0
BRDA:508,85,1,0
BRDA:508,86,0,0
BRDA:508,86,1,0
BRDA:512,87,0,0
BRDA:512,87,1,0
BRDA:512,88,0,0
BRDA:512,88,1,0
BRDA:516,89,0,0
BRDA:516,89,1,0
BRDA:516,90,0,0
BRDA:516,90,1,0
BRDA:520,91,0,0
BRDA:520,91,1,0
BRDA:520,92,0,0
BRDA:520,92,1,0
BRDA:524,93,0,0
BRDA:524,93,1,0
BRDA:524,94,0,0
BRDA:524,94,1,0
BRDA:528,95,0,0
BRDA:528,95,1,0
BRDA:528,96,0,0
BRDA:528,96,1,0
BRDA:553,97,0,0
BRDA:553,97,1,0
BRF:199
BRH:0
end_of_record
TN:
SF:widgets/xkcd.js
FN:5,create
FN:22,render
FN:24,(anonymous_2)
FN:27,(anonymous_3)
FNF:4
FNH:0
FNDA:0,create
FNDA:0,render
FNDA:0,(anonymous_2)
FNDA:0,(anonymous_3)
DA:3,0
DA:6,0
DA:8,0
DA:9,0
DA:11,0
DA:12,0
DA:13,0
DA:15,0
DA:16,0
DA:17,0
DA:19,0
DA:20,0
DA:23,0
DA:24,0
DA:26,0
DA:27,0
DA:28,0
DA:36,0
DA:38,0
DA:47,0
DA:48,0
DA:50,0
LF:22
LH:0
BRDA:6,0,0,0
BRDA:6,0,1,0
BRDA:48,1,0,0
BRDA:48,1,1,0
BRF:4
BRH:0
end_of_record
TN:
SF:widgets/items/image-item.js
FN:5,playItem
FN:14,(anonymous_1)
FN:35,resolveDurationMs
FN:44,resolveFit
FNF:4
FNH:0
FNDA:0,playItem
FNDA:0,(anonymous_1)
FNDA:0,resolveDurationMs
FNDA:0,resolveFit
DA:3,0
DA:6,0
DA:7,0
DA:8,0
DA:10,0
DA:11,0
DA:12,0
DA:13,0
DA:14,0
DA:15,0
DA:23,0
DA:24,0
DA:25,0
DA:28,0
DA:29,0
DA:31,0
DA:32,0
DA:36,0
DA:40,0
DA:41,0
DA:45,0
LF:21
LH:0
BRDA:5,0,0,0
BRDA:5,1,0,0
BRDA:13,2,0,0
BRDA:13,2,1,0
BRDA:17,3,0,0
BRDA:17,3,1,0
BRDA:24,4,0,0
BRDA:24,4,1,0
BRDA:35,5,0,0
BRDA:35,6,0,0
BRDA:36,7,0,0
BRDA:36,7,1,0
BRDA:36,7,2,0
BRDA:41,8,0,0
BRDA:41,8,1,0
BRDA:41,9,0,0
BRDA:41,9,1,0
BRDA:44,10,0,0
BRDA:44,11,0,0
BRDA:45,12,0,0
BRDA:45,12,1,0
BRDA:45,12,2,0
BRF:22
BRH:0
end_of_record
TN:
SF:widgets/items/rss-feed-item.js
FN:5,playItem
FN:73,fetchFeed
FN:99,fetchFeedViaRssServer
FN:113,parseRssXml
FN:125,(anonymous_4)
FN:144,showRssPage
FN:208,(anonymous_6)
FN:248,resolveFontScale
FN:257,resolveShowThumbnails
FN:268,resolveShowQR
FN:279,buildQrUrl
FN:283,stripHtml
FN:289,truncateWords
FN:295,createRssStaticFallback
FN:309,extractThumbnailFromXmlItem
FN:344,extractFirstImageFromHtml
FNF:16
FNH:0
FNDA:0,playItem
FNDA:0,fetchFeed
FNDA:0,fetchFeedViaRssServer
FNDA:0,parseRssXml
FNDA:0,(anonymous_4)
FNDA:0,showRssPage
FNDA:0,(anonymous_6)
FNDA:0,resolveFontScale
FNDA:0,resolveShowThumbnails
FNDA:0,resolveShowQR
FNDA:0,buildQrUrl
FNDA:0,stripHtml
FNDA:0,truncateWords
FNDA:0,createRssStaticFallback
FNDA:0,extractThumbnailFromXmlItem
FNDA:0,extractFirstImageFromHtml
DA:3,0
DA:6,0
DA:7,0
DA:8,0
DA:14,0
DA:15,0
DA:18,0
DA:21,0
DA:26,0
DA:27,0
DA:29,0
DA:36,0
DA:37,0
DA:40,0
DA:43,0
DA:44,0
DA:45,0
DA:46,0
DA:52,0
DA:53,0
DA:56,0
DA:57,0
DA:58,0
DA:59,0
DA:69,0
DA:76,0
DA:77,0
DA:79,0
DA:80,0
DA:81,0
DA:82,0
DA:83,0
DA:84,0
DA:85,0
DA:87,0
DA:88,0
DA:90,0
DA:94,0
DA:95,0
DA:96,0
DA:100,0
DA:101,0
DA:102,0
DA:103,0
DA:104,0
DA:105,0
DA:106,0
DA:108,0
DA:109,0
DA:110,0
DA:114,0
DA:115,0
DA:116,0
DA:117,0
DA:120,0
DA:121,0
DA:122,0
DA:123,0
DA:125,0
DA:133,0
DA:145,0
DA:147,0
DA:148,0
DA:149,0
DA:151,0
DA:152,0
DA:154,0
DA:155,0
DA:157,0
DA:158,0
DA:160,0
DA:161,0
DA:162,0
DA:164,0
DA:165,0
DA:166,0
DA:168,0
DA:169,0
DA:171,0
DA:172,0
DA:173,0
DA:175,0
DA:176,0
DA:177,0
DA:179,0
DA:180,0
DA:181,0
DA:183,0
DA:184,0
DA:187,0
DA:188,0
DA:190,0
DA:191,0
DA:192,0
DA:194,0
DA:195,0
DA:197,0
DA:198,0
DA:199,0
DA:200,0
DA:202,0
DA:203,0
DA:204,0
DA:205,0
DA:206,0
DA:207,0
DA:208,0
DA:209,0
DA:210,0
DA:212,0
DA:214,0
DA:217,0
DA:220,0
DA:221,0
DA:222,0
DA:224,0
DA:225,0
DA:226,0
DA:228,0
DA:230,0
DA:232,0
DA:233,0
DA:234,0
DA:235,0
DA:236,0
DA:237,0
DA:240,0
DA:243,0
DA:244,0
DA:245,0
DA:249,0
DA:253,0
DA:254,0
DA:258,0
DA:261,0
DA:262,0
DA:265,0
DA:269,0
DA:272,0
DA:273,0
DA:276,0
DA:280,0
DA:284,0
DA:285,0
DA:286,0
DA:290,0
DA:291,0
DA:292,0
DA:296,0
DA:297,0
DA:299,0
DA:300,0
DA:301,0
DA:302,0
DA:303,0
DA:305,0
DA:306,0
DA:310,0
DA:311,0
DA:312,0
DA:313,0
DA:316,0
DA:317,0
DA:318,0
DA:319,0
DA:322,0
DA:323,0
DA:324,0
DA:325,0
DA:326,0
DA:329,0
DA:330,0
DA:331,0
DA:332,0
DA:335,0
DA:336,0
DA:337,0
DA:338,0
DA:341,0
DA:345,0
DA:346,0
DA:349,0
DA:350,0
DA:351,0
LF:184
LH:0
BRDA:5,0,0,0
BRDA:5,1,0,0
BRDA:7,2,0,0
BRDA:7,2,1,0
BRDA:18,3,0,0
BRDA:18,3,1,0
BRDA:18,3,2,0
BRDA:21,4,0,0
BRDA:21,4,1,0
BRDA:21,4,2,0
BRDA:40,5,0,0
BRDA:40,5,1,0
BRDA:40,5,2,0
BRDA:43,6,0,0
BRDA:43,6,1,0
BRDA:44,7,0,0
BRDA:44,7,1,0
BRDA:45,8,0,0
BRDA:45,8,1,0
BRDA:60,9,0,0
BRDA:60,9,1,0
BRDA:60,9,2,0
BRDA:62,10,0,0
BRDA:62,10,1,0
BRDA:66,11,0,0
BRDA:66,11,1,0
BRDA:73,12,0,0
BRDA:73,13,0,0
BRDA:81,14,0,0
BRDA:81,14,1,0
BRDA:81,15,0,0
BRDA:81,15,1,0
BRDA:82,16,0,0
BRDA:82,16,1,0
BRDA:84,17,0,0
BRDA:84,17,1,0
BRDA:95,18,0,0
BRDA:95,18,1,0
BRDA:103,19,0,0
BRDA:103,19,1,0
BRDA:113,20,0,0
BRDA:116,21,0,0
BRDA:116,21,1,0
BRDA:121,22,0,0
BRDA:121,22,1,0
BRDA:122,23,0,0
BRDA:122,23,1,0
BRDA:123,24,0,0
BRDA:123,24,1,0
BRDA:126,25,0,0
BRDA:126,25,1,0
BRDA:127,26,0,0
BRDA:127,26,1,0
BRDA:128,27,0,0
BRDA:128,27,1,0
BRDA:129,28,0,0
BRDA:129,28,1,0
BRDA:149,29,0,0
BRDA:149,29,1,0
BRDA:171,30,0,0
BRDA:171,30,1,0
BRDA:198,31,0,0
BRDA:198,31,1,0
BRDA:202,32,0,0
BRDA:202,32,1,0
BRDA:206,33,0,0
BRDA:206,33,1,0
BRDA:222,34,0,0
BRDA:222,34,1,0
BRDA:226,35,0,0
BRDA:226,35,1,0
BRDA:232,36,0,0
BRDA:232,36,1,0
BRDA:233,37,0,0
BRDA:233,37,1,0
BRDA:248,38,0,0
BRDA:248,39,0,0
BRDA:249,40,0,0
BRDA:249,40,1,0
BRDA:249,40,2,0
BRDA:254,41,0,0
BRDA:254,41,1,0
BRDA:254,42,0,0
BRDA:254,42,1,0
BRDA:257,43,0,0
BRDA:257,44,0,0
BRDA:258,45,0,0
BRDA:258,45,1,0
BRDA:261,46,0,0
BRDA:261,46,1,0
BRDA:268,47,0,0
BRDA:268,48,0,0
BRDA:269,49,0,0
BRDA:269,49,1,0
BRDA:272,50,0,0
BRDA:272,50,1,0
BRDA:279,51,0,0
BRDA:286,52,0,0
BRDA:286,52,1,0
BRDA:286,52,2,0
BRDA:291,53,0,0
BRDA:291,53,1,0
BRDA:312,54,0,0
BRDA:312,54,1,0
BRDA:318,55,0,0
BRDA:318,55,1,0
BRDA:323,56,0,0
BRDA:323,56,1,0
BRDA:324,57,0,0
BRDA:324,57,1,0
BRDA:325,58,0,0
BRDA:325,58,1,0
BRDA:325,59,0,0
BRDA:325,59,1,0
BRDA:329,60,0,0
BRDA:329,60,1,0
BRDA:331,61,0,0
BRDA:331,61,1,0
BRDA:335,62,0,0
BRDA:335,62,1,0
BRDA:337,63,0,0
BRDA:337,63,1,0
BRDA:344,64,0,0
BRDA:345,65,0,0
BRDA:345,65,1,0
BRDA:351,66,0,0
BRDA:351,66,1,0
BRF:127
BRH:0
end_of_record
